ARM GAS  C:\WINDOWS\TEMP\ccM54GK0.s 			page 1


   1              		.syntax unified
   2              		.cpu cortex-m4
   3              		.eabi_attribute 27, 1
   4              		.eabi_attribute 28, 1
   5              		.fpu fpv4-sp-d16
   6              		.eabi_attribute 20, 1
   7              		.eabi_attribute 21, 1
   8              		.eabi_attribute 23, 3
   9              		.eabi_attribute 24, 1
  10              		.eabi_attribute 25, 1
  11              		.eabi_attribute 26, 1
  12              		.eabi_attribute 30, 1
  13              		.eabi_attribute 34, 1
  14              		.eabi_attribute 18, 4
  15              		.thumb
  16              		.syntax unified
  17              		.file	"stm32f4xx_hal_timebase_tim.c"
  18              		.text
  19              	.Ltext0:
  20              		.cfi_sections	.debug_frame
  21              		.section	.text.HAL_InitTick,"ax",%progbits
  22              		.align	2
  23              		.global	HAL_InitTick
  24              		.thumb
  25              		.thumb_func
  27              	HAL_InitTick:
  28              	.LFB130:
  29              		.file 1 "Src/stm32f4xx_hal_timebase_tim.c"
   1:Src/stm32f4xx_hal_timebase_tim.c **** /* USER CODE BEGIN Header */
   2:Src/stm32f4xx_hal_timebase_tim.c **** /**
   3:Src/stm32f4xx_hal_timebase_tim.c ****   ******************************************************************************
   4:Src/stm32f4xx_hal_timebase_tim.c ****   * @file    stm32f4xx_hal_timebase_TIM.c 
   5:Src/stm32f4xx_hal_timebase_tim.c ****   * @brief   HAL time base based on the hardware TIM.
   6:Src/stm32f4xx_hal_timebase_tim.c ****   ******************************************************************************
   7:Src/stm32f4xx_hal_timebase_tim.c ****   * @attention
   8:Src/stm32f4xx_hal_timebase_tim.c ****   *
   9:Src/stm32f4xx_hal_timebase_tim.c ****   * <h2><center>&copy; Copyright (c) 2020 STMicroelectronics.
  10:Src/stm32f4xx_hal_timebase_tim.c ****   * All rights reserved.</center></h2>
  11:Src/stm32f4xx_hal_timebase_tim.c ****   *
  12:Src/stm32f4xx_hal_timebase_tim.c ****   * This software component is licensed by ST under Ultimate Liberty license
  13:Src/stm32f4xx_hal_timebase_tim.c ****   * SLA0044, the "License"; You may not use this file except in compliance with
  14:Src/stm32f4xx_hal_timebase_tim.c ****   * the License. You may obtain a copy of the License at:
  15:Src/stm32f4xx_hal_timebase_tim.c ****   *                             www.st.com/SLA0044
  16:Src/stm32f4xx_hal_timebase_tim.c ****   *
  17:Src/stm32f4xx_hal_timebase_tim.c ****   ******************************************************************************
  18:Src/stm32f4xx_hal_timebase_tim.c ****   */
  19:Src/stm32f4xx_hal_timebase_tim.c **** /* USER CODE END Header */
  20:Src/stm32f4xx_hal_timebase_tim.c **** 
  21:Src/stm32f4xx_hal_timebase_tim.c **** /* Includes ------------------------------------------------------------------*/
  22:Src/stm32f4xx_hal_timebase_tim.c **** #include "stm32f4xx_hal.h"
  23:Src/stm32f4xx_hal_timebase_tim.c **** #include "stm32f4xx_hal_tim.h"
  24:Src/stm32f4xx_hal_timebase_tim.c ****  
  25:Src/stm32f4xx_hal_timebase_tim.c **** /* Private typedef -----------------------------------------------------------*/
  26:Src/stm32f4xx_hal_timebase_tim.c **** /* Private define ------------------------------------------------------------*/
  27:Src/stm32f4xx_hal_timebase_tim.c **** /* Private macro -------------------------------------------------------------*/
  28:Src/stm32f4xx_hal_timebase_tim.c **** /* Private variables ---------------------------------------------------------*/
  29:Src/stm32f4xx_hal_timebase_tim.c **** TIM_HandleTypeDef        htim6; 
ARM GAS  C:\WINDOWS\TEMP\ccM54GK0.s 			page 2


  30:Src/stm32f4xx_hal_timebase_tim.c **** /* Private function prototypes -----------------------------------------------*/
  31:Src/stm32f4xx_hal_timebase_tim.c **** /* Private functions ---------------------------------------------------------*/
  32:Src/stm32f4xx_hal_timebase_tim.c **** 
  33:Src/stm32f4xx_hal_timebase_tim.c **** /**
  34:Src/stm32f4xx_hal_timebase_tim.c ****   * @brief  This function configures the TIM6 as a time base source. 
  35:Src/stm32f4xx_hal_timebase_tim.c ****   *         The time source is configured  to have 1ms time base with a dedicated 
  36:Src/stm32f4xx_hal_timebase_tim.c ****   *         Tick interrupt priority. 
  37:Src/stm32f4xx_hal_timebase_tim.c ****   * @note   This function is called  automatically at the beginning of program after
  38:Src/stm32f4xx_hal_timebase_tim.c ****   *         reset by HAL_Init() or at any time when clock is configured, by HAL_RCC_ClockConfig(). 
  39:Src/stm32f4xx_hal_timebase_tim.c ****   * @param  TickPriority: Tick interrupt priority.
  40:Src/stm32f4xx_hal_timebase_tim.c ****   * @retval HAL status
  41:Src/stm32f4xx_hal_timebase_tim.c ****   */
  42:Src/stm32f4xx_hal_timebase_tim.c **** HAL_StatusTypeDef HAL_InitTick(uint32_t TickPriority)
  43:Src/stm32f4xx_hal_timebase_tim.c **** {
  30              		.loc 1 43 0
  31              		.cfi_startproc
  32              		@ args = 0, pretend = 0, frame = 32
  33              		@ frame_needed = 0, uses_anonymous_args = 0
  34              	.LVL0:
  35 0000 10B5     		push	{r4, lr}
  36              	.LCFI0:
  37              		.cfi_def_cfa_offset 8
  38              		.cfi_offset 4, -8
  39              		.cfi_offset 14, -4
  40 0002 88B0     		sub	sp, sp, #32
  41              	.LCFI1:
  42              		.cfi_def_cfa_offset 40
  43              	.LVL1:
  44:Src/stm32f4xx_hal_timebase_tim.c ****   RCC_ClkInitTypeDef    clkconfig;
  45:Src/stm32f4xx_hal_timebase_tim.c ****   uint32_t              uwTimclock = 0;
  46:Src/stm32f4xx_hal_timebase_tim.c ****   uint32_t              uwPrescalerValue = 0;
  47:Src/stm32f4xx_hal_timebase_tim.c ****   uint32_t              pFLatency;
  48:Src/stm32f4xx_hal_timebase_tim.c ****   
  49:Src/stm32f4xx_hal_timebase_tim.c ****   /*Configure the TIM6 IRQ priority */
  50:Src/stm32f4xx_hal_timebase_tim.c ****   HAL_NVIC_SetPriority(TIM6_DAC_IRQn, TickPriority ,0); 
  44              		.loc 1 50 0
  45 0004 0022     		movs	r2, #0
  46 0006 0146     		mov	r1, r0
  47 0008 3620     		movs	r0, #54
  48              	.LVL2:
  49 000a FFF7FEFF 		bl	HAL_NVIC_SetPriority
  50              	.LVL3:
  51:Src/stm32f4xx_hal_timebase_tim.c ****   
  52:Src/stm32f4xx_hal_timebase_tim.c ****   /* Enable the TIM6 global Interrupt */
  53:Src/stm32f4xx_hal_timebase_tim.c ****   HAL_NVIC_EnableIRQ(TIM6_DAC_IRQn); 
  51              		.loc 1 53 0
  52 000e 3620     		movs	r0, #54
  53 0010 FFF7FEFF 		bl	HAL_NVIC_EnableIRQ
  54              	.LVL4:
  55              	.LBB2:
  54:Src/stm32f4xx_hal_timebase_tim.c ****   
  55:Src/stm32f4xx_hal_timebase_tim.c ****   /* Enable TIM6 clock */
  56:Src/stm32f4xx_hal_timebase_tim.c ****   __HAL_RCC_TIM6_CLK_ENABLE();
  56              		.loc 1 56 0
  57 0014 0024     		movs	r4, #0
  58 0016 0194     		str	r4, [sp, #4]
  59 0018 144B     		ldr	r3, .L5
ARM GAS  C:\WINDOWS\TEMP\ccM54GK0.s 			page 3


  60 001a 1A6C     		ldr	r2, [r3, #64]
  61 001c 42F01002 		orr	r2, r2, #16
  62 0020 1A64     		str	r2, [r3, #64]
  63 0022 1B6C     		ldr	r3, [r3, #64]
  64 0024 03F01003 		and	r3, r3, #16
  65 0028 0193     		str	r3, [sp, #4]
  66 002a 019B     		ldr	r3, [sp, #4]
  67              	.LBE2:
  57:Src/stm32f4xx_hal_timebase_tim.c ****   
  58:Src/stm32f4xx_hal_timebase_tim.c ****   /* Get clock configuration */
  59:Src/stm32f4xx_hal_timebase_tim.c ****   HAL_RCC_GetClockConfig(&clkconfig, &pFLatency);
  68              		.loc 1 59 0
  69 002c 02A9     		add	r1, sp, #8
  70 002e 03A8     		add	r0, sp, #12
  71 0030 FFF7FEFF 		bl	HAL_RCC_GetClockConfig
  72              	.LVL5:
  60:Src/stm32f4xx_hal_timebase_tim.c ****   
  61:Src/stm32f4xx_hal_timebase_tim.c ****   /* Compute TIM6 clock */
  62:Src/stm32f4xx_hal_timebase_tim.c ****   uwTimclock = 2*HAL_RCC_GetPCLK1Freq();
  73              		.loc 1 62 0
  74 0034 FFF7FEFF 		bl	HAL_RCC_GetPCLK1Freq
  75              	.LVL6:
  76 0038 4000     		lsls	r0, r0, #1
  77              	.LVL7:
  63:Src/stm32f4xx_hal_timebase_tim.c ****    
  64:Src/stm32f4xx_hal_timebase_tim.c ****   /* Compute the prescaler value to have TIM6 counter clock equal to 1MHz */
  65:Src/stm32f4xx_hal_timebase_tim.c ****   uwPrescalerValue = (uint32_t) ((uwTimclock / 1000000) - 1);
  78              		.loc 1 65 0
  79 003a 0D4B     		ldr	r3, .L5+4
  80 003c A3FB0023 		umull	r2, r3, r3, r0
  81 0040 9B0C     		lsrs	r3, r3, #18
  82 0042 013B     		subs	r3, r3, #1
  83              	.LVL8:
  66:Src/stm32f4xx_hal_timebase_tim.c ****   
  67:Src/stm32f4xx_hal_timebase_tim.c ****   /* Initialize TIM6 */
  68:Src/stm32f4xx_hal_timebase_tim.c ****   htim6.Instance = TIM6;
  84              		.loc 1 68 0
  85 0044 0B48     		ldr	r0, .L5+8
  86              	.LVL9:
  87 0046 0C4A     		ldr	r2, .L5+12
  88 0048 0260     		str	r2, [r0]
  69:Src/stm32f4xx_hal_timebase_tim.c ****   
  70:Src/stm32f4xx_hal_timebase_tim.c ****   /* Initialize TIMx peripheral as follow:
  71:Src/stm32f4xx_hal_timebase_tim.c ****   + Period = [(TIM6CLK/1000) - 1]. to have a (1/1000) s time base.
  72:Src/stm32f4xx_hal_timebase_tim.c ****   + Prescaler = (uwTimclock/1000000 - 1) to have a 1MHz counter clock.
  73:Src/stm32f4xx_hal_timebase_tim.c ****   + ClockDivision = 0
  74:Src/stm32f4xx_hal_timebase_tim.c ****   + Counter direction = Up
  75:Src/stm32f4xx_hal_timebase_tim.c ****   */
  76:Src/stm32f4xx_hal_timebase_tim.c ****   htim6.Init.Period = (1000000 / 1000) - 1;
  89              		.loc 1 76 0
  90 004a 40F2E732 		movw	r2, #999
  91 004e C260     		str	r2, [r0, #12]
  77:Src/stm32f4xx_hal_timebase_tim.c ****   htim6.Init.Prescaler = uwPrescalerValue;
  92              		.loc 1 77 0
  93 0050 4360     		str	r3, [r0, #4]
  78:Src/stm32f4xx_hal_timebase_tim.c ****   htim6.Init.ClockDivision = 0;
  94              		.loc 1 78 0
ARM GAS  C:\WINDOWS\TEMP\ccM54GK0.s 			page 4


  95 0052 0461     		str	r4, [r0, #16]
  79:Src/stm32f4xx_hal_timebase_tim.c ****   htim6.Init.CounterMode = TIM_COUNTERMODE_UP;
  96              		.loc 1 79 0
  97 0054 8460     		str	r4, [r0, #8]
  80:Src/stm32f4xx_hal_timebase_tim.c ****   if(HAL_TIM_Base_Init(&htim6) == HAL_OK)
  98              		.loc 1 80 0
  99 0056 FFF7FEFF 		bl	HAL_TIM_Base_Init
 100              	.LVL10:
 101 005a 18B9     		cbnz	r0, .L3
  81:Src/stm32f4xx_hal_timebase_tim.c ****   {
  82:Src/stm32f4xx_hal_timebase_tim.c ****     /* Start the TIM time Base generation in interrupt mode */
  83:Src/stm32f4xx_hal_timebase_tim.c ****     return HAL_TIM_Base_Start_IT(&htim6);
 102              		.loc 1 83 0
 103 005c 0548     		ldr	r0, .L5+8
 104 005e FFF7FEFF 		bl	HAL_TIM_Base_Start_IT
 105              	.LVL11:
 106 0062 00E0     		b	.L2
 107              	.L3:
  84:Src/stm32f4xx_hal_timebase_tim.c ****   }
  85:Src/stm32f4xx_hal_timebase_tim.c ****   
  86:Src/stm32f4xx_hal_timebase_tim.c ****   /* Return function status */
  87:Src/stm32f4xx_hal_timebase_tim.c ****   return HAL_ERROR;
 108              		.loc 1 87 0
 109 0064 0120     		movs	r0, #1
 110              	.L2:
  88:Src/stm32f4xx_hal_timebase_tim.c **** }
 111              		.loc 1 88 0
 112 0066 08B0     		add	sp, sp, #32
 113              	.LCFI2:
 114              		.cfi_def_cfa_offset 8
 115              		@ sp needed
 116 0068 10BD     		pop	{r4, pc}
 117              	.L6:
 118 006a 00BF     		.align	2
 119              	.L5:
 120 006c 00380240 		.word	1073887232
 121 0070 83DE1B43 		.word	1125899907
 122 0074 00000000 		.word	htim6
 123 0078 00100040 		.word	1073745920
 124              		.cfi_endproc
 125              	.LFE130:
 127              		.section	.text.HAL_SuspendTick,"ax",%progbits
 128              		.align	2
 129              		.global	HAL_SuspendTick
 130              		.thumb
 131              		.thumb_func
 133              	HAL_SuspendTick:
 134              	.LFB131:
  89:Src/stm32f4xx_hal_timebase_tim.c **** 
  90:Src/stm32f4xx_hal_timebase_tim.c **** /**
  91:Src/stm32f4xx_hal_timebase_tim.c ****   * @brief  Suspend Tick increment.
  92:Src/stm32f4xx_hal_timebase_tim.c ****   * @note   Disable the tick increment by disabling TIM6 update interrupt.
  93:Src/stm32f4xx_hal_timebase_tim.c ****   * @param  None
  94:Src/stm32f4xx_hal_timebase_tim.c ****   * @retval None
  95:Src/stm32f4xx_hal_timebase_tim.c ****   */
  96:Src/stm32f4xx_hal_timebase_tim.c **** void HAL_SuspendTick(void)
  97:Src/stm32f4xx_hal_timebase_tim.c **** {
ARM GAS  C:\WINDOWS\TEMP\ccM54GK0.s 			page 5


 135              		.loc 1 97 0
 136              		.cfi_startproc
 137              		@ args = 0, pretend = 0, frame = 0
 138              		@ frame_needed = 0, uses_anonymous_args = 0
 139              		@ link register save eliminated.
  98:Src/stm32f4xx_hal_timebase_tim.c ****   /* Disable TIM6 update Interrupt */
  99:Src/stm32f4xx_hal_timebase_tim.c ****   __HAL_TIM_DISABLE_IT(&htim6, TIM_IT_UPDATE);                                                  
 140              		.loc 1 99 0
 141 0000 034B     		ldr	r3, .L8
 142 0002 1A68     		ldr	r2, [r3]
 143 0004 D368     		ldr	r3, [r2, #12]
 144 0006 23F00103 		bic	r3, r3, #1
 145 000a D360     		str	r3, [r2, #12]
 146 000c 7047     		bx	lr
 147              	.L9:
 148 000e 00BF     		.align	2
 149              	.L8:
 150 0010 00000000 		.word	htim6
 151              		.cfi_endproc
 152              	.LFE131:
 154              		.section	.text.HAL_ResumeTick,"ax",%progbits
 155              		.align	2
 156              		.global	HAL_ResumeTick
 157              		.thumb
 158              		.thumb_func
 160              	HAL_ResumeTick:
 161              	.LFB132:
 100:Src/stm32f4xx_hal_timebase_tim.c **** }
 101:Src/stm32f4xx_hal_timebase_tim.c **** 
 102:Src/stm32f4xx_hal_timebase_tim.c **** /**
 103:Src/stm32f4xx_hal_timebase_tim.c ****   * @brief  Resume Tick increment.
 104:Src/stm32f4xx_hal_timebase_tim.c ****   * @note   Enable the tick increment by Enabling TIM6 update interrupt.
 105:Src/stm32f4xx_hal_timebase_tim.c ****   * @param  None
 106:Src/stm32f4xx_hal_timebase_tim.c ****   * @retval None
 107:Src/stm32f4xx_hal_timebase_tim.c ****   */
 108:Src/stm32f4xx_hal_timebase_tim.c **** void HAL_ResumeTick(void)
 109:Src/stm32f4xx_hal_timebase_tim.c **** {
 162              		.loc 1 109 0
 163              		.cfi_startproc
 164              		@ args = 0, pretend = 0, frame = 0
 165              		@ frame_needed = 0, uses_anonymous_args = 0
 166              		@ link register save eliminated.
 110:Src/stm32f4xx_hal_timebase_tim.c ****   /* Enable TIM6 Update interrupt */
 111:Src/stm32f4xx_hal_timebase_tim.c ****   __HAL_TIM_ENABLE_IT(&htim6, TIM_IT_UPDATE);
 167              		.loc 1 111 0
 168 0000 034B     		ldr	r3, .L11
 169 0002 1A68     		ldr	r2, [r3]
 170 0004 D368     		ldr	r3, [r2, #12]
 171 0006 43F00103 		orr	r3, r3, #1
 172 000a D360     		str	r3, [r2, #12]
 173 000c 7047     		bx	lr
 174              	.L12:
 175 000e 00BF     		.align	2
 176              	.L11:
 177 0010 00000000 		.word	htim6
 178              		.cfi_endproc
 179              	.LFE132:
ARM GAS  C:\WINDOWS\TEMP\ccM54GK0.s 			page 6


 181              		.comm	htim6,64,4
 182              		.text
 183              	.Letext0:
 184              		.file 2 "d:\\tool_chain\\gcc-arm-none-eabi\\5.4 2016q3\\arm-none-eabi\\include\\machine\\_default_
 185              		.file 3 "d:\\tool_chain\\gcc-arm-none-eabi\\5.4 2016q3\\arm-none-eabi\\include\\sys\\_stdint.h"
 186              		.file 4 "Drivers/CMSIS/Device/ST/STM32F4xx/Include/stm32f429xx.h"
 187              		.file 5 "Drivers/STM32F4xx_HAL_Driver/Inc/stm32f4xx_hal_def.h"
 188              		.file 6 "Drivers/STM32F4xx_HAL_Driver/Inc/stm32f4xx_hal_rcc.h"
 189              		.file 7 "Drivers/STM32F4xx_HAL_Driver/Inc/stm32f4xx_hal_dma.h"
 190              		.file 8 "Drivers/STM32F4xx_HAL_Driver/Inc/stm32f4xx_hal_tim.h"
 191              		.file 9 "Drivers/CMSIS/Include/core_cm4.h"
 192              		.file 10 "Drivers/STM32F4xx_HAL_Driver/Inc/stm32f4xx_hal_cortex.h"
ARM GAS  C:\WINDOWS\TEMP\ccM54GK0.s 			page 7


DEFINED SYMBOLS
                            *ABS*:00000000 stm32f4xx_hal_timebase_tim.c
C:\WINDOWS\TEMP\ccM54GK0.s:22     .text.HAL_InitTick:00000000 $t
C:\WINDOWS\TEMP\ccM54GK0.s:27     .text.HAL_InitTick:00000000 HAL_InitTick
C:\WINDOWS\TEMP\ccM54GK0.s:120    .text.HAL_InitTick:0000006c $d
                            *COM*:00000040 htim6
C:\WINDOWS\TEMP\ccM54GK0.s:128    .text.HAL_SuspendTick:00000000 $t
C:\WINDOWS\TEMP\ccM54GK0.s:133    .text.HAL_SuspendTick:00000000 HAL_SuspendTick
C:\WINDOWS\TEMP\ccM54GK0.s:150    .text.HAL_SuspendTick:00000010 $d
C:\WINDOWS\TEMP\ccM54GK0.s:155    .text.HAL_ResumeTick:00000000 $t
C:\WINDOWS\TEMP\ccM54GK0.s:160    .text.HAL_ResumeTick:00000000 HAL_ResumeTick
C:\WINDOWS\TEMP\ccM54GK0.s:177    .text.HAL_ResumeTick:00000010 $d
                     .debug_frame:00000010 $d

UNDEFINED SYMBOLS
HAL_NVIC_SetPriority
HAL_NVIC_EnableIRQ
HAL_RCC_GetClockConfig
HAL_RCC_GetPCLK1Freq
HAL_TIM_Base_Init
HAL_TIM_Base_Start_IT
