ARM GAS  C:\WINDOWS\TEMP\ccdYqzJ8.s 			page 1


   1              		.syntax unified
   2              		.cpu cortex-m4
   3              		.eabi_attribute 27, 1
   4              		.eabi_attribute 28, 1
   5              		.fpu fpv4-sp-d16
   6              		.eabi_attribute 20, 1
   7              		.eabi_attribute 21, 1
   8              		.eabi_attribute 23, 3
   9              		.eabi_attribute 24, 1
  10              		.eabi_attribute 25, 1
  11              		.eabi_attribute 26, 1
  12              		.eabi_attribute 30, 1
  13              		.eabi_attribute 34, 1
  14              		.eabi_attribute 18, 4
  15              		.thumb
  16              		.syntax unified
  17              		.file	"stm32f4xx_hal_pwr_ex.c"
  18              		.text
  19              	.Ltext0:
  20              		.cfi_sections	.debug_frame
  21              		.section	.text.HAL_PWREx_EnableBkUpReg,"ax",%progbits
  22              		.align	2
  23              		.global	HAL_PWREx_EnableBkUpReg
  24              		.thumb
  25              		.thumb_func
  27              	HAL_PWREx_EnableBkUpReg:
  28              	.LFB130:
  29              		.file 1 "Drivers/STM32F4xx_HAL_Driver/Src/stm32f4xx_hal_pwr_ex.c"
   1:Drivers/STM32F4xx_HAL_Driver/Src/stm32f4xx_hal_pwr_ex.c **** /**
   2:Drivers/STM32F4xx_HAL_Driver/Src/stm32f4xx_hal_pwr_ex.c ****   ******************************************************************************
   3:Drivers/STM32F4xx_HAL_Driver/Src/stm32f4xx_hal_pwr_ex.c ****   * @file    stm32f4xx_hal_pwr_ex.c
   4:Drivers/STM32F4xx_HAL_Driver/Src/stm32f4xx_hal_pwr_ex.c ****   * @author  MCD Application Team
   5:Drivers/STM32F4xx_HAL_Driver/Src/stm32f4xx_hal_pwr_ex.c ****   * @brief   Extended PWR HAL module driver.
   6:Drivers/STM32F4xx_HAL_Driver/Src/stm32f4xx_hal_pwr_ex.c ****   *          This file provides firmware functions to manage the following 
   7:Drivers/STM32F4xx_HAL_Driver/Src/stm32f4xx_hal_pwr_ex.c ****   *          functionalities of PWR extension peripheral:           
   8:Drivers/STM32F4xx_HAL_Driver/Src/stm32f4xx_hal_pwr_ex.c ****   *           + Peripheral Extended features functions
   9:Drivers/STM32F4xx_HAL_Driver/Src/stm32f4xx_hal_pwr_ex.c ****   *         
  10:Drivers/STM32F4xx_HAL_Driver/Src/stm32f4xx_hal_pwr_ex.c ****   ******************************************************************************
  11:Drivers/STM32F4xx_HAL_Driver/Src/stm32f4xx_hal_pwr_ex.c ****   * @attention
  12:Drivers/STM32F4xx_HAL_Driver/Src/stm32f4xx_hal_pwr_ex.c ****   *
  13:Drivers/STM32F4xx_HAL_Driver/Src/stm32f4xx_hal_pwr_ex.c ****   * <h2><center>&copy; Copyright (c) 2017 STMicroelectronics.
  14:Drivers/STM32F4xx_HAL_Driver/Src/stm32f4xx_hal_pwr_ex.c ****   * All rights reserved.</center></h2>
  15:Drivers/STM32F4xx_HAL_Driver/Src/stm32f4xx_hal_pwr_ex.c ****   *
  16:Drivers/STM32F4xx_HAL_Driver/Src/stm32f4xx_hal_pwr_ex.c ****   * This software component is licensed by ST under BSD 3-Clause license,
  17:Drivers/STM32F4xx_HAL_Driver/Src/stm32f4xx_hal_pwr_ex.c ****   * the "License"; You may not use this file except in compliance with the
  18:Drivers/STM32F4xx_HAL_Driver/Src/stm32f4xx_hal_pwr_ex.c ****   * License. You may obtain a copy of the License at:
  19:Drivers/STM32F4xx_HAL_Driver/Src/stm32f4xx_hal_pwr_ex.c ****   *                        opensource.org/licenses/BSD-3-Clause
  20:Drivers/STM32F4xx_HAL_Driver/Src/stm32f4xx_hal_pwr_ex.c ****   *
  21:Drivers/STM32F4xx_HAL_Driver/Src/stm32f4xx_hal_pwr_ex.c ****   ******************************************************************************
  22:Drivers/STM32F4xx_HAL_Driver/Src/stm32f4xx_hal_pwr_ex.c ****   */ 
  23:Drivers/STM32F4xx_HAL_Driver/Src/stm32f4xx_hal_pwr_ex.c **** 
  24:Drivers/STM32F4xx_HAL_Driver/Src/stm32f4xx_hal_pwr_ex.c **** /* Includes ------------------------------------------------------------------*/
  25:Drivers/STM32F4xx_HAL_Driver/Src/stm32f4xx_hal_pwr_ex.c **** #include "stm32f4xx_hal.h"
  26:Drivers/STM32F4xx_HAL_Driver/Src/stm32f4xx_hal_pwr_ex.c **** 
  27:Drivers/STM32F4xx_HAL_Driver/Src/stm32f4xx_hal_pwr_ex.c **** /** @addtogroup STM32F4xx_HAL_Driver
  28:Drivers/STM32F4xx_HAL_Driver/Src/stm32f4xx_hal_pwr_ex.c ****   * @{
  29:Drivers/STM32F4xx_HAL_Driver/Src/stm32f4xx_hal_pwr_ex.c ****   */
ARM GAS  C:\WINDOWS\TEMP\ccdYqzJ8.s 			page 2


  30:Drivers/STM32F4xx_HAL_Driver/Src/stm32f4xx_hal_pwr_ex.c **** 
  31:Drivers/STM32F4xx_HAL_Driver/Src/stm32f4xx_hal_pwr_ex.c **** /** @defgroup PWREx PWREx
  32:Drivers/STM32F4xx_HAL_Driver/Src/stm32f4xx_hal_pwr_ex.c ****   * @brief PWR HAL module driver
  33:Drivers/STM32F4xx_HAL_Driver/Src/stm32f4xx_hal_pwr_ex.c ****   * @{
  34:Drivers/STM32F4xx_HAL_Driver/Src/stm32f4xx_hal_pwr_ex.c ****   */
  35:Drivers/STM32F4xx_HAL_Driver/Src/stm32f4xx_hal_pwr_ex.c **** 
  36:Drivers/STM32F4xx_HAL_Driver/Src/stm32f4xx_hal_pwr_ex.c **** #ifdef HAL_PWR_MODULE_ENABLED
  37:Drivers/STM32F4xx_HAL_Driver/Src/stm32f4xx_hal_pwr_ex.c **** 
  38:Drivers/STM32F4xx_HAL_Driver/Src/stm32f4xx_hal_pwr_ex.c **** /* Private typedef -----------------------------------------------------------*/
  39:Drivers/STM32F4xx_HAL_Driver/Src/stm32f4xx_hal_pwr_ex.c **** /* Private define ------------------------------------------------------------*/
  40:Drivers/STM32F4xx_HAL_Driver/Src/stm32f4xx_hal_pwr_ex.c **** /** @addtogroup PWREx_Private_Constants
  41:Drivers/STM32F4xx_HAL_Driver/Src/stm32f4xx_hal_pwr_ex.c ****   * @{
  42:Drivers/STM32F4xx_HAL_Driver/Src/stm32f4xx_hal_pwr_ex.c ****   */    
  43:Drivers/STM32F4xx_HAL_Driver/Src/stm32f4xx_hal_pwr_ex.c **** #define PWR_OVERDRIVE_TIMEOUT_VALUE  1000U
  44:Drivers/STM32F4xx_HAL_Driver/Src/stm32f4xx_hal_pwr_ex.c **** #define PWR_UDERDRIVE_TIMEOUT_VALUE  1000U
  45:Drivers/STM32F4xx_HAL_Driver/Src/stm32f4xx_hal_pwr_ex.c **** #define PWR_BKPREG_TIMEOUT_VALUE     1000U
  46:Drivers/STM32F4xx_HAL_Driver/Src/stm32f4xx_hal_pwr_ex.c **** #define PWR_VOSRDY_TIMEOUT_VALUE     1000U
  47:Drivers/STM32F4xx_HAL_Driver/Src/stm32f4xx_hal_pwr_ex.c **** /**
  48:Drivers/STM32F4xx_HAL_Driver/Src/stm32f4xx_hal_pwr_ex.c ****   * @}
  49:Drivers/STM32F4xx_HAL_Driver/Src/stm32f4xx_hal_pwr_ex.c ****   */
  50:Drivers/STM32F4xx_HAL_Driver/Src/stm32f4xx_hal_pwr_ex.c **** 
  51:Drivers/STM32F4xx_HAL_Driver/Src/stm32f4xx_hal_pwr_ex.c ****    
  52:Drivers/STM32F4xx_HAL_Driver/Src/stm32f4xx_hal_pwr_ex.c **** /* Private macro -------------------------------------------------------------*/
  53:Drivers/STM32F4xx_HAL_Driver/Src/stm32f4xx_hal_pwr_ex.c **** /* Private variables ---------------------------------------------------------*/
  54:Drivers/STM32F4xx_HAL_Driver/Src/stm32f4xx_hal_pwr_ex.c **** /* Private function prototypes -----------------------------------------------*/
  55:Drivers/STM32F4xx_HAL_Driver/Src/stm32f4xx_hal_pwr_ex.c **** /* Private functions ---------------------------------------------------------*/
  56:Drivers/STM32F4xx_HAL_Driver/Src/stm32f4xx_hal_pwr_ex.c **** /** @defgroup PWREx_Exported_Functions PWREx Exported Functions
  57:Drivers/STM32F4xx_HAL_Driver/Src/stm32f4xx_hal_pwr_ex.c ****   *  @{
  58:Drivers/STM32F4xx_HAL_Driver/Src/stm32f4xx_hal_pwr_ex.c ****   */
  59:Drivers/STM32F4xx_HAL_Driver/Src/stm32f4xx_hal_pwr_ex.c **** 
  60:Drivers/STM32F4xx_HAL_Driver/Src/stm32f4xx_hal_pwr_ex.c **** /** @defgroup PWREx_Exported_Functions_Group1 Peripheral Extended features functions 
  61:Drivers/STM32F4xx_HAL_Driver/Src/stm32f4xx_hal_pwr_ex.c ****   *  @brief Peripheral Extended features functions 
  62:Drivers/STM32F4xx_HAL_Driver/Src/stm32f4xx_hal_pwr_ex.c ****   *
  63:Drivers/STM32F4xx_HAL_Driver/Src/stm32f4xx_hal_pwr_ex.c **** @verbatim   
  64:Drivers/STM32F4xx_HAL_Driver/Src/stm32f4xx_hal_pwr_ex.c **** 
  65:Drivers/STM32F4xx_HAL_Driver/Src/stm32f4xx_hal_pwr_ex.c ****  ===============================================================================
  66:Drivers/STM32F4xx_HAL_Driver/Src/stm32f4xx_hal_pwr_ex.c ****                  ##### Peripheral extended features functions #####
  67:Drivers/STM32F4xx_HAL_Driver/Src/stm32f4xx_hal_pwr_ex.c ****  ===============================================================================
  68:Drivers/STM32F4xx_HAL_Driver/Src/stm32f4xx_hal_pwr_ex.c **** 
  69:Drivers/STM32F4xx_HAL_Driver/Src/stm32f4xx_hal_pwr_ex.c ****     *** Main and Backup Regulators configuration ***
  70:Drivers/STM32F4xx_HAL_Driver/Src/stm32f4xx_hal_pwr_ex.c ****     ================================================
  71:Drivers/STM32F4xx_HAL_Driver/Src/stm32f4xx_hal_pwr_ex.c ****     [..] 
  72:Drivers/STM32F4xx_HAL_Driver/Src/stm32f4xx_hal_pwr_ex.c ****       (+) The backup domain includes 4 Kbytes of backup SRAM accessible only from 
  73:Drivers/STM32F4xx_HAL_Driver/Src/stm32f4xx_hal_pwr_ex.c ****           the CPU, and address in 32-bit, 16-bit or 8-bit mode. Its content is 
  74:Drivers/STM32F4xx_HAL_Driver/Src/stm32f4xx_hal_pwr_ex.c ****           retained even in Standby or VBAT mode when the low power backup regulator
  75:Drivers/STM32F4xx_HAL_Driver/Src/stm32f4xx_hal_pwr_ex.c ****           is enabled. It can be considered as an internal EEPROM when VBAT is 
  76:Drivers/STM32F4xx_HAL_Driver/Src/stm32f4xx_hal_pwr_ex.c ****           always present. You can use the HAL_PWREx_EnableBkUpReg() function to 
  77:Drivers/STM32F4xx_HAL_Driver/Src/stm32f4xx_hal_pwr_ex.c ****           enable the low power backup regulator. 
  78:Drivers/STM32F4xx_HAL_Driver/Src/stm32f4xx_hal_pwr_ex.c **** 
  79:Drivers/STM32F4xx_HAL_Driver/Src/stm32f4xx_hal_pwr_ex.c ****       (+) When the backup domain is supplied by VDD (analog switch connected to VDD) 
  80:Drivers/STM32F4xx_HAL_Driver/Src/stm32f4xx_hal_pwr_ex.c ****           the backup SRAM is powered from VDD which replaces the VBAT power supply to 
  81:Drivers/STM32F4xx_HAL_Driver/Src/stm32f4xx_hal_pwr_ex.c ****           save battery life.
  82:Drivers/STM32F4xx_HAL_Driver/Src/stm32f4xx_hal_pwr_ex.c **** 
  83:Drivers/STM32F4xx_HAL_Driver/Src/stm32f4xx_hal_pwr_ex.c ****       (+) The backup SRAM is not mass erased by a tamper event. It is read 
  84:Drivers/STM32F4xx_HAL_Driver/Src/stm32f4xx_hal_pwr_ex.c ****           protected to prevent confidential data, such as cryptographic private 
  85:Drivers/STM32F4xx_HAL_Driver/Src/stm32f4xx_hal_pwr_ex.c ****           key, from being accessed. The backup SRAM can be erased only through 
  86:Drivers/STM32F4xx_HAL_Driver/Src/stm32f4xx_hal_pwr_ex.c ****           the Flash interface when a protection level change from level 1 to 
ARM GAS  C:\WINDOWS\TEMP\ccdYqzJ8.s 			page 3


  87:Drivers/STM32F4xx_HAL_Driver/Src/stm32f4xx_hal_pwr_ex.c ****           level 0 is requested. 
  88:Drivers/STM32F4xx_HAL_Driver/Src/stm32f4xx_hal_pwr_ex.c ****       -@- Refer to the description of Read protection (RDP) in the Flash 
  89:Drivers/STM32F4xx_HAL_Driver/Src/stm32f4xx_hal_pwr_ex.c ****           programming manual.
  90:Drivers/STM32F4xx_HAL_Driver/Src/stm32f4xx_hal_pwr_ex.c **** 
  91:Drivers/STM32F4xx_HAL_Driver/Src/stm32f4xx_hal_pwr_ex.c ****       (+) The main internal regulator can be configured to have a tradeoff between 
  92:Drivers/STM32F4xx_HAL_Driver/Src/stm32f4xx_hal_pwr_ex.c ****           performance and power consumption when the device does not operate at 
  93:Drivers/STM32F4xx_HAL_Driver/Src/stm32f4xx_hal_pwr_ex.c ****           the maximum frequency. This is done through __HAL_PWR_MAINREGULATORMODE_CONFIG() 
  94:Drivers/STM32F4xx_HAL_Driver/Src/stm32f4xx_hal_pwr_ex.c ****           macro which configure VOS bit in PWR_CR register
  95:Drivers/STM32F4xx_HAL_Driver/Src/stm32f4xx_hal_pwr_ex.c ****           
  96:Drivers/STM32F4xx_HAL_Driver/Src/stm32f4xx_hal_pwr_ex.c ****         Refer to the product datasheets for more details.
  97:Drivers/STM32F4xx_HAL_Driver/Src/stm32f4xx_hal_pwr_ex.c **** 
  98:Drivers/STM32F4xx_HAL_Driver/Src/stm32f4xx_hal_pwr_ex.c ****     *** FLASH Power Down configuration ****
  99:Drivers/STM32F4xx_HAL_Driver/Src/stm32f4xx_hal_pwr_ex.c ****     =======================================
 100:Drivers/STM32F4xx_HAL_Driver/Src/stm32f4xx_hal_pwr_ex.c ****     [..] 
 101:Drivers/STM32F4xx_HAL_Driver/Src/stm32f4xx_hal_pwr_ex.c ****       (+) By setting the FPDS bit in the PWR_CR register by using the 
 102:Drivers/STM32F4xx_HAL_Driver/Src/stm32f4xx_hal_pwr_ex.c ****           HAL_PWREx_EnableFlashPowerDown() function, the Flash memory also enters power 
 103:Drivers/STM32F4xx_HAL_Driver/Src/stm32f4xx_hal_pwr_ex.c ****           down mode when the device enters Stop mode. When the Flash memory 
 104:Drivers/STM32F4xx_HAL_Driver/Src/stm32f4xx_hal_pwr_ex.c ****           is in power down mode, an additional startup delay is incurred when 
 105:Drivers/STM32F4xx_HAL_Driver/Src/stm32f4xx_hal_pwr_ex.c ****           waking up from Stop mode.
 106:Drivers/STM32F4xx_HAL_Driver/Src/stm32f4xx_hal_pwr_ex.c ****           
 107:Drivers/STM32F4xx_HAL_Driver/Src/stm32f4xx_hal_pwr_ex.c ****            (+) For STM32F42xxx/43xxx/446xx/469xx/479xx Devices, the scale can be modified only when
 108:Drivers/STM32F4xx_HAL_Driver/Src/stm32f4xx_hal_pwr_ex.c ****            is OFF and the HSI or HSE clock source is selected as system clock. 
 109:Drivers/STM32F4xx_HAL_Driver/Src/stm32f4xx_hal_pwr_ex.c ****            The new value programmed is active only when the PLL is ON.
 110:Drivers/STM32F4xx_HAL_Driver/Src/stm32f4xx_hal_pwr_ex.c ****            When the PLL is OFF, the voltage scale 3 is automatically selected. 
 111:Drivers/STM32F4xx_HAL_Driver/Src/stm32f4xx_hal_pwr_ex.c ****         Refer to the datasheets for more details.
 112:Drivers/STM32F4xx_HAL_Driver/Src/stm32f4xx_hal_pwr_ex.c **** 
 113:Drivers/STM32F4xx_HAL_Driver/Src/stm32f4xx_hal_pwr_ex.c ****     *** Over-Drive and Under-Drive configuration ****
 114:Drivers/STM32F4xx_HAL_Driver/Src/stm32f4xx_hal_pwr_ex.c ****     =================================================
 115:Drivers/STM32F4xx_HAL_Driver/Src/stm32f4xx_hal_pwr_ex.c ****     [..]         
 116:Drivers/STM32F4xx_HAL_Driver/Src/stm32f4xx_hal_pwr_ex.c ****        (+) For STM32F42xxx/43xxx/446xx/469xx/479xx Devices, in Run mode: the main regulator has
 117:Drivers/STM32F4xx_HAL_Driver/Src/stm32f4xx_hal_pwr_ex.c ****            2 operating modes available:
 118:Drivers/STM32F4xx_HAL_Driver/Src/stm32f4xx_hal_pwr_ex.c ****         (++) Normal mode: The CPU and core logic operate at maximum frequency at a given 
 119:Drivers/STM32F4xx_HAL_Driver/Src/stm32f4xx_hal_pwr_ex.c ****              voltage scaling (scale 1, scale 2 or scale 3)
 120:Drivers/STM32F4xx_HAL_Driver/Src/stm32f4xx_hal_pwr_ex.c ****         (++) Over-drive mode: This mode allows the CPU and the core logic to operate at a 
 121:Drivers/STM32F4xx_HAL_Driver/Src/stm32f4xx_hal_pwr_ex.c ****             higher frequency than the normal mode for a given voltage scaling (scale 1,  
 122:Drivers/STM32F4xx_HAL_Driver/Src/stm32f4xx_hal_pwr_ex.c ****             scale 2 or scale 3). This mode is enabled through HAL_PWREx_EnableOverDrive() function 
 123:Drivers/STM32F4xx_HAL_Driver/Src/stm32f4xx_hal_pwr_ex.c ****             disabled by HAL_PWREx_DisableOverDrive() function, to enter or exit from Over-drive mod
 124:Drivers/STM32F4xx_HAL_Driver/Src/stm32f4xx_hal_pwr_ex.c ****             the sequence described in Reference manual.
 125:Drivers/STM32F4xx_HAL_Driver/Src/stm32f4xx_hal_pwr_ex.c ****              
 126:Drivers/STM32F4xx_HAL_Driver/Src/stm32f4xx_hal_pwr_ex.c ****        (+) For STM32F42xxx/43xxx/446xx/469xx/479xx Devices, in Stop mode: the main regulator or low
 127:Drivers/STM32F4xx_HAL_Driver/Src/stm32f4xx_hal_pwr_ex.c ****            supplies a low power voltage to the 1.2V domain, thus preserving the content of register
 128:Drivers/STM32F4xx_HAL_Driver/Src/stm32f4xx_hal_pwr_ex.c ****            and internal SRAM. 2 operating modes are available:
 129:Drivers/STM32F4xx_HAL_Driver/Src/stm32f4xx_hal_pwr_ex.c ****          (++) Normal mode: the 1.2V domain is preserved in nominal leakage mode. This mode is only 
 130:Drivers/STM32F4xx_HAL_Driver/Src/stm32f4xx_hal_pwr_ex.c ****               available when the main regulator or the low power regulator is used in Scale 3 or 
 131:Drivers/STM32F4xx_HAL_Driver/Src/stm32f4xx_hal_pwr_ex.c ****               low voltage mode.
 132:Drivers/STM32F4xx_HAL_Driver/Src/stm32f4xx_hal_pwr_ex.c ****          (++) Under-drive mode: the 1.2V domain is preserved in reduced leakage mode. This mode is 
 133:Drivers/STM32F4xx_HAL_Driver/Src/stm32f4xx_hal_pwr_ex.c ****               available when the main regulator or the low power regulator is in low voltage mode.
 134:Drivers/STM32F4xx_HAL_Driver/Src/stm32f4xx_hal_pwr_ex.c **** 
 135:Drivers/STM32F4xx_HAL_Driver/Src/stm32f4xx_hal_pwr_ex.c **** @endverbatim
 136:Drivers/STM32F4xx_HAL_Driver/Src/stm32f4xx_hal_pwr_ex.c ****   * @{
 137:Drivers/STM32F4xx_HAL_Driver/Src/stm32f4xx_hal_pwr_ex.c ****   */
 138:Drivers/STM32F4xx_HAL_Driver/Src/stm32f4xx_hal_pwr_ex.c **** 
 139:Drivers/STM32F4xx_HAL_Driver/Src/stm32f4xx_hal_pwr_ex.c **** /**
 140:Drivers/STM32F4xx_HAL_Driver/Src/stm32f4xx_hal_pwr_ex.c ****   * @brief Enables the Backup Regulator.
 141:Drivers/STM32F4xx_HAL_Driver/Src/stm32f4xx_hal_pwr_ex.c ****   * @retval HAL status
 142:Drivers/STM32F4xx_HAL_Driver/Src/stm32f4xx_hal_pwr_ex.c ****   */
 143:Drivers/STM32F4xx_HAL_Driver/Src/stm32f4xx_hal_pwr_ex.c **** HAL_StatusTypeDef HAL_PWREx_EnableBkUpReg(void)
ARM GAS  C:\WINDOWS\TEMP\ccdYqzJ8.s 			page 4


 144:Drivers/STM32F4xx_HAL_Driver/Src/stm32f4xx_hal_pwr_ex.c **** {
  30              		.loc 1 144 0
  31              		.cfi_startproc
  32              		@ args = 0, pretend = 0, frame = 0
  33              		@ frame_needed = 0, uses_anonymous_args = 0
  34 0000 10B5     		push	{r4, lr}
  35              	.LCFI0:
  36              		.cfi_def_cfa_offset 8
  37              		.cfi_offset 4, -8
  38              		.cfi_offset 14, -4
  39              	.LVL0:
 145:Drivers/STM32F4xx_HAL_Driver/Src/stm32f4xx_hal_pwr_ex.c ****   uint32_t tickstart = 0U;
 146:Drivers/STM32F4xx_HAL_Driver/Src/stm32f4xx_hal_pwr_ex.c **** 
 147:Drivers/STM32F4xx_HAL_Driver/Src/stm32f4xx_hal_pwr_ex.c ****   *(__IO uint32_t *) CSR_BRE_BB = (uint32_t)ENABLE;
  40              		.loc 1 147 0
  41 0002 0122     		movs	r2, #1
  42 0004 0A4B     		ldr	r3, .L7
  43 0006 1A60     		str	r2, [r3]
 148:Drivers/STM32F4xx_HAL_Driver/Src/stm32f4xx_hal_pwr_ex.c **** 
 149:Drivers/STM32F4xx_HAL_Driver/Src/stm32f4xx_hal_pwr_ex.c ****   /* Get tick */
 150:Drivers/STM32F4xx_HAL_Driver/Src/stm32f4xx_hal_pwr_ex.c ****   tickstart = HAL_GetTick();
  44              		.loc 1 150 0
  45 0008 FFF7FEFF 		bl	HAL_GetTick
  46              	.LVL1:
  47 000c 0446     		mov	r4, r0
  48              	.LVL2:
 151:Drivers/STM32F4xx_HAL_Driver/Src/stm32f4xx_hal_pwr_ex.c **** 
 152:Drivers/STM32F4xx_HAL_Driver/Src/stm32f4xx_hal_pwr_ex.c ****   /* Wait till Backup regulator ready flag is set */  
 153:Drivers/STM32F4xx_HAL_Driver/Src/stm32f4xx_hal_pwr_ex.c ****   while(__HAL_PWR_GET_FLAG(PWR_FLAG_BRR) == RESET)
  49              		.loc 1 153 0
  50 000e 05E0     		b	.L2
  51              	.LVL3:
  52              	.L4:
 154:Drivers/STM32F4xx_HAL_Driver/Src/stm32f4xx_hal_pwr_ex.c ****   {
 155:Drivers/STM32F4xx_HAL_Driver/Src/stm32f4xx_hal_pwr_ex.c ****     if((HAL_GetTick() - tickstart ) > PWR_BKPREG_TIMEOUT_VALUE)
  53              		.loc 1 155 0
  54 0010 FFF7FEFF 		bl	HAL_GetTick
  55              	.LVL4:
  56 0014 001B     		subs	r0, r0, r4
  57 0016 B0F57A7F 		cmp	r0, #1000
  58 001a 06D8     		bhi	.L5
  59              	.L2:
 153:Drivers/STM32F4xx_HAL_Driver/Src/stm32f4xx_hal_pwr_ex.c ****   {
  60              		.loc 1 153 0
  61 001c 054B     		ldr	r3, .L7+4
  62 001e 5B68     		ldr	r3, [r3, #4]
  63 0020 13F0080F 		tst	r3, #8
  64 0024 F4D0     		beq	.L4
 156:Drivers/STM32F4xx_HAL_Driver/Src/stm32f4xx_hal_pwr_ex.c ****     {
 157:Drivers/STM32F4xx_HAL_Driver/Src/stm32f4xx_hal_pwr_ex.c ****       return HAL_TIMEOUT;
 158:Drivers/STM32F4xx_HAL_Driver/Src/stm32f4xx_hal_pwr_ex.c ****     } 
 159:Drivers/STM32F4xx_HAL_Driver/Src/stm32f4xx_hal_pwr_ex.c ****   }
 160:Drivers/STM32F4xx_HAL_Driver/Src/stm32f4xx_hal_pwr_ex.c ****   return HAL_OK;
  65              		.loc 1 160 0
  66 0026 0020     		movs	r0, #0
  67 0028 10BD     		pop	{r4, pc}
  68              	.LVL5:
ARM GAS  C:\WINDOWS\TEMP\ccdYqzJ8.s 			page 5


  69              	.L5:
 157:Drivers/STM32F4xx_HAL_Driver/Src/stm32f4xx_hal_pwr_ex.c ****     } 
  70              		.loc 1 157 0
  71 002a 0320     		movs	r0, #3
 161:Drivers/STM32F4xx_HAL_Driver/Src/stm32f4xx_hal_pwr_ex.c **** }
  72              		.loc 1 161 0
  73 002c 10BD     		pop	{r4, pc}
  74              	.LVL6:
  75              	.L8:
  76 002e 00BF     		.align	2
  77              	.L7:
  78 0030 A4000E42 		.word	1108213924
  79 0034 00700040 		.word	1073770496
  80              		.cfi_endproc
  81              	.LFE130:
  83              		.section	.text.HAL_PWREx_DisableBkUpReg,"ax",%progbits
  84              		.align	2
  85              		.global	HAL_PWREx_DisableBkUpReg
  86              		.thumb
  87              		.thumb_func
  89              	HAL_PWREx_DisableBkUpReg:
  90              	.LFB131:
 162:Drivers/STM32F4xx_HAL_Driver/Src/stm32f4xx_hal_pwr_ex.c **** 
 163:Drivers/STM32F4xx_HAL_Driver/Src/stm32f4xx_hal_pwr_ex.c **** /**
 164:Drivers/STM32F4xx_HAL_Driver/Src/stm32f4xx_hal_pwr_ex.c ****   * @brief Disables the Backup Regulator.
 165:Drivers/STM32F4xx_HAL_Driver/Src/stm32f4xx_hal_pwr_ex.c ****   * @retval HAL status
 166:Drivers/STM32F4xx_HAL_Driver/Src/stm32f4xx_hal_pwr_ex.c ****   */
 167:Drivers/STM32F4xx_HAL_Driver/Src/stm32f4xx_hal_pwr_ex.c **** HAL_StatusTypeDef HAL_PWREx_DisableBkUpReg(void)
 168:Drivers/STM32F4xx_HAL_Driver/Src/stm32f4xx_hal_pwr_ex.c **** {
  91              		.loc 1 168 0
  92              		.cfi_startproc
  93              		@ args = 0, pretend = 0, frame = 0
  94              		@ frame_needed = 0, uses_anonymous_args = 0
  95 0000 10B5     		push	{r4, lr}
  96              	.LCFI1:
  97              		.cfi_def_cfa_offset 8
  98              		.cfi_offset 4, -8
  99              		.cfi_offset 14, -4
 100              	.LVL7:
 169:Drivers/STM32F4xx_HAL_Driver/Src/stm32f4xx_hal_pwr_ex.c ****   uint32_t tickstart = 0U;
 170:Drivers/STM32F4xx_HAL_Driver/Src/stm32f4xx_hal_pwr_ex.c **** 
 171:Drivers/STM32F4xx_HAL_Driver/Src/stm32f4xx_hal_pwr_ex.c ****   *(__IO uint32_t *) CSR_BRE_BB = (uint32_t)DISABLE;
 101              		.loc 1 171 0
 102 0002 0022     		movs	r2, #0
 103 0004 0A4B     		ldr	r3, .L15
 104 0006 1A60     		str	r2, [r3]
 172:Drivers/STM32F4xx_HAL_Driver/Src/stm32f4xx_hal_pwr_ex.c **** 
 173:Drivers/STM32F4xx_HAL_Driver/Src/stm32f4xx_hal_pwr_ex.c ****   /* Get tick */
 174:Drivers/STM32F4xx_HAL_Driver/Src/stm32f4xx_hal_pwr_ex.c ****   tickstart = HAL_GetTick();
 105              		.loc 1 174 0
 106 0008 FFF7FEFF 		bl	HAL_GetTick
 107              	.LVL8:
 108 000c 0446     		mov	r4, r0
 109              	.LVL9:
 175:Drivers/STM32F4xx_HAL_Driver/Src/stm32f4xx_hal_pwr_ex.c **** 
 176:Drivers/STM32F4xx_HAL_Driver/Src/stm32f4xx_hal_pwr_ex.c ****   /* Wait till Backup regulator ready flag is set */  
 177:Drivers/STM32F4xx_HAL_Driver/Src/stm32f4xx_hal_pwr_ex.c ****   while(__HAL_PWR_GET_FLAG(PWR_FLAG_BRR) != RESET)
ARM GAS  C:\WINDOWS\TEMP\ccdYqzJ8.s 			page 6


 110              		.loc 1 177 0
 111 000e 05E0     		b	.L10
 112              	.LVL10:
 113              	.L12:
 178:Drivers/STM32F4xx_HAL_Driver/Src/stm32f4xx_hal_pwr_ex.c ****   {
 179:Drivers/STM32F4xx_HAL_Driver/Src/stm32f4xx_hal_pwr_ex.c ****     if((HAL_GetTick() - tickstart ) > PWR_BKPREG_TIMEOUT_VALUE)
 114              		.loc 1 179 0
 115 0010 FFF7FEFF 		bl	HAL_GetTick
 116              	.LVL11:
 117 0014 001B     		subs	r0, r0, r4
 118 0016 B0F57A7F 		cmp	r0, #1000
 119 001a 06D8     		bhi	.L13
 120              	.L10:
 177:Drivers/STM32F4xx_HAL_Driver/Src/stm32f4xx_hal_pwr_ex.c ****   {
 121              		.loc 1 177 0
 122 001c 054B     		ldr	r3, .L15+4
 123 001e 5B68     		ldr	r3, [r3, #4]
 124 0020 13F0080F 		tst	r3, #8
 125 0024 F4D1     		bne	.L12
 180:Drivers/STM32F4xx_HAL_Driver/Src/stm32f4xx_hal_pwr_ex.c ****     {
 181:Drivers/STM32F4xx_HAL_Driver/Src/stm32f4xx_hal_pwr_ex.c ****       return HAL_TIMEOUT;
 182:Drivers/STM32F4xx_HAL_Driver/Src/stm32f4xx_hal_pwr_ex.c ****     } 
 183:Drivers/STM32F4xx_HAL_Driver/Src/stm32f4xx_hal_pwr_ex.c ****   }
 184:Drivers/STM32F4xx_HAL_Driver/Src/stm32f4xx_hal_pwr_ex.c ****   return HAL_OK;
 126              		.loc 1 184 0
 127 0026 0020     		movs	r0, #0
 128 0028 10BD     		pop	{r4, pc}
 129              	.LVL12:
 130              	.L13:
 181:Drivers/STM32F4xx_HAL_Driver/Src/stm32f4xx_hal_pwr_ex.c ****     } 
 131              		.loc 1 181 0
 132 002a 0320     		movs	r0, #3
 185:Drivers/STM32F4xx_HAL_Driver/Src/stm32f4xx_hal_pwr_ex.c **** }
 133              		.loc 1 185 0
 134 002c 10BD     		pop	{r4, pc}
 135              	.LVL13:
 136              	.L16:
 137 002e 00BF     		.align	2
 138              	.L15:
 139 0030 A4000E42 		.word	1108213924
 140 0034 00700040 		.word	1073770496
 141              		.cfi_endproc
 142              	.LFE131:
 144              		.section	.text.HAL_PWREx_EnableFlashPowerDown,"ax",%progbits
 145              		.align	2
 146              		.global	HAL_PWREx_EnableFlashPowerDown
 147              		.thumb
 148              		.thumb_func
 150              	HAL_PWREx_EnableFlashPowerDown:
 151              	.LFB132:
 186:Drivers/STM32F4xx_HAL_Driver/Src/stm32f4xx_hal_pwr_ex.c **** 
 187:Drivers/STM32F4xx_HAL_Driver/Src/stm32f4xx_hal_pwr_ex.c **** /**
 188:Drivers/STM32F4xx_HAL_Driver/Src/stm32f4xx_hal_pwr_ex.c ****   * @brief Enables the Flash Power Down in Stop mode.
 189:Drivers/STM32F4xx_HAL_Driver/Src/stm32f4xx_hal_pwr_ex.c ****   * @retval None
 190:Drivers/STM32F4xx_HAL_Driver/Src/stm32f4xx_hal_pwr_ex.c ****   */
 191:Drivers/STM32F4xx_HAL_Driver/Src/stm32f4xx_hal_pwr_ex.c **** void HAL_PWREx_EnableFlashPowerDown(void)
 192:Drivers/STM32F4xx_HAL_Driver/Src/stm32f4xx_hal_pwr_ex.c **** {
ARM GAS  C:\WINDOWS\TEMP\ccdYqzJ8.s 			page 7


 152              		.loc 1 192 0
 153              		.cfi_startproc
 154              		@ args = 0, pretend = 0, frame = 0
 155              		@ frame_needed = 0, uses_anonymous_args = 0
 156              		@ link register save eliminated.
 193:Drivers/STM32F4xx_HAL_Driver/Src/stm32f4xx_hal_pwr_ex.c ****   *(__IO uint32_t *) CR_FPDS_BB = (uint32_t)ENABLE;
 157              		.loc 1 193 0
 158 0000 0122     		movs	r2, #1
 159 0002 014B     		ldr	r3, .L18
 160 0004 1A60     		str	r2, [r3]
 161 0006 7047     		bx	lr
 162              	.L19:
 163              		.align	2
 164              	.L18:
 165 0008 24000E42 		.word	1108213796
 166              		.cfi_endproc
 167              	.LFE132:
 169              		.section	.text.HAL_PWREx_DisableFlashPowerDown,"ax",%progbits
 170              		.align	2
 171              		.global	HAL_PWREx_DisableFlashPowerDown
 172              		.thumb
 173              		.thumb_func
 175              	HAL_PWREx_DisableFlashPowerDown:
 176              	.LFB133:
 194:Drivers/STM32F4xx_HAL_Driver/Src/stm32f4xx_hal_pwr_ex.c **** }
 195:Drivers/STM32F4xx_HAL_Driver/Src/stm32f4xx_hal_pwr_ex.c **** 
 196:Drivers/STM32F4xx_HAL_Driver/Src/stm32f4xx_hal_pwr_ex.c **** /**
 197:Drivers/STM32F4xx_HAL_Driver/Src/stm32f4xx_hal_pwr_ex.c ****   * @brief Disables the Flash Power Down in Stop mode.
 198:Drivers/STM32F4xx_HAL_Driver/Src/stm32f4xx_hal_pwr_ex.c ****   * @retval None
 199:Drivers/STM32F4xx_HAL_Driver/Src/stm32f4xx_hal_pwr_ex.c ****   */
 200:Drivers/STM32F4xx_HAL_Driver/Src/stm32f4xx_hal_pwr_ex.c **** void HAL_PWREx_DisableFlashPowerDown(void)
 201:Drivers/STM32F4xx_HAL_Driver/Src/stm32f4xx_hal_pwr_ex.c **** {
 177              		.loc 1 201 0
 178              		.cfi_startproc
 179              		@ args = 0, pretend = 0, frame = 0
 180              		@ frame_needed = 0, uses_anonymous_args = 0
 181              		@ link register save eliminated.
 202:Drivers/STM32F4xx_HAL_Driver/Src/stm32f4xx_hal_pwr_ex.c ****   *(__IO uint32_t *) CR_FPDS_BB = (uint32_t)DISABLE;
 182              		.loc 1 202 0
 183 0000 0022     		movs	r2, #0
 184 0002 014B     		ldr	r3, .L21
 185 0004 1A60     		str	r2, [r3]
 186 0006 7047     		bx	lr
 187              	.L22:
 188              		.align	2
 189              	.L21:
 190 0008 24000E42 		.word	1108213796
 191              		.cfi_endproc
 192              	.LFE133:
 194              		.section	.text.HAL_PWREx_GetVoltageRange,"ax",%progbits
 195              		.align	2
 196              		.global	HAL_PWREx_GetVoltageRange
 197              		.thumb
 198              		.thumb_func
 200              	HAL_PWREx_GetVoltageRange:
 201              	.LFB134:
 203:Drivers/STM32F4xx_HAL_Driver/Src/stm32f4xx_hal_pwr_ex.c **** }
ARM GAS  C:\WINDOWS\TEMP\ccdYqzJ8.s 			page 8


 204:Drivers/STM32F4xx_HAL_Driver/Src/stm32f4xx_hal_pwr_ex.c **** 
 205:Drivers/STM32F4xx_HAL_Driver/Src/stm32f4xx_hal_pwr_ex.c **** /**
 206:Drivers/STM32F4xx_HAL_Driver/Src/stm32f4xx_hal_pwr_ex.c ****   * @brief Return Voltage Scaling Range.
 207:Drivers/STM32F4xx_HAL_Driver/Src/stm32f4xx_hal_pwr_ex.c ****   * @retval The configured scale for the regulator voltage(VOS bit field).
 208:Drivers/STM32F4xx_HAL_Driver/Src/stm32f4xx_hal_pwr_ex.c ****   *         The returned value can be one of the following:
 209:Drivers/STM32F4xx_HAL_Driver/Src/stm32f4xx_hal_pwr_ex.c ****   *            - @arg PWR_REGULATOR_VOLTAGE_SCALE1: Regulator voltage output Scale 1 mode
 210:Drivers/STM32F4xx_HAL_Driver/Src/stm32f4xx_hal_pwr_ex.c ****   *            - @arg PWR_REGULATOR_VOLTAGE_SCALE2: Regulator voltage output Scale 2 mode
 211:Drivers/STM32F4xx_HAL_Driver/Src/stm32f4xx_hal_pwr_ex.c ****   *            - @arg PWR_REGULATOR_VOLTAGE_SCALE3: Regulator voltage output Scale 3 mode
 212:Drivers/STM32F4xx_HAL_Driver/Src/stm32f4xx_hal_pwr_ex.c ****   */  
 213:Drivers/STM32F4xx_HAL_Driver/Src/stm32f4xx_hal_pwr_ex.c **** uint32_t HAL_PWREx_GetVoltageRange(void)
 214:Drivers/STM32F4xx_HAL_Driver/Src/stm32f4xx_hal_pwr_ex.c **** {
 202              		.loc 1 214 0
 203              		.cfi_startproc
 204              		@ args = 0, pretend = 0, frame = 0
 205              		@ frame_needed = 0, uses_anonymous_args = 0
 206              		@ link register save eliminated.
 215:Drivers/STM32F4xx_HAL_Driver/Src/stm32f4xx_hal_pwr_ex.c ****   return (PWR->CR & PWR_CR_VOS);
 207              		.loc 1 215 0
 208 0000 024B     		ldr	r3, .L24
 209 0002 1868     		ldr	r0, [r3]
 216:Drivers/STM32F4xx_HAL_Driver/Src/stm32f4xx_hal_pwr_ex.c **** }
 210              		.loc 1 216 0
 211 0004 00F44040 		and	r0, r0, #49152
 212 0008 7047     		bx	lr
 213              	.L25:
 214 000a 00BF     		.align	2
 215              	.L24:
 216 000c 00700040 		.word	1073770496
 217              		.cfi_endproc
 218              	.LFE134:
 220              		.section	.text.HAL_PWREx_ControlVoltageScaling,"ax",%progbits
 221              		.align	2
 222              		.global	HAL_PWREx_ControlVoltageScaling
 223              		.thumb
 224              		.thumb_func
 226              	HAL_PWREx_ControlVoltageScaling:
 227              	.LFB135:
 217:Drivers/STM32F4xx_HAL_Driver/Src/stm32f4xx_hal_pwr_ex.c **** 
 218:Drivers/STM32F4xx_HAL_Driver/Src/stm32f4xx_hal_pwr_ex.c **** #if defined(STM32F405xx) || defined(STM32F415xx) || defined(STM32F407xx) || defined(STM32F417xx)
 219:Drivers/STM32F4xx_HAL_Driver/Src/stm32f4xx_hal_pwr_ex.c **** /**
 220:Drivers/STM32F4xx_HAL_Driver/Src/stm32f4xx_hal_pwr_ex.c ****   * @brief Configures the main internal regulator output voltage.
 221:Drivers/STM32F4xx_HAL_Driver/Src/stm32f4xx_hal_pwr_ex.c ****   * @param  VoltageScaling specifies the regulator output voltage to achieve
 222:Drivers/STM32F4xx_HAL_Driver/Src/stm32f4xx_hal_pwr_ex.c ****   *         a tradeoff between performance and power consumption.
 223:Drivers/STM32F4xx_HAL_Driver/Src/stm32f4xx_hal_pwr_ex.c ****   *          This parameter can be one of the following values:
 224:Drivers/STM32F4xx_HAL_Driver/Src/stm32f4xx_hal_pwr_ex.c ****   *            @arg PWR_REGULATOR_VOLTAGE_SCALE1: Regulator voltage output range 1 mode,
 225:Drivers/STM32F4xx_HAL_Driver/Src/stm32f4xx_hal_pwr_ex.c ****   *                                               the maximum value of fHCLK = 168 MHz.
 226:Drivers/STM32F4xx_HAL_Driver/Src/stm32f4xx_hal_pwr_ex.c ****   *            @arg PWR_REGULATOR_VOLTAGE_SCALE2: Regulator voltage output range 2 mode,
 227:Drivers/STM32F4xx_HAL_Driver/Src/stm32f4xx_hal_pwr_ex.c ****   *                                               the maximum value of fHCLK = 144 MHz.
 228:Drivers/STM32F4xx_HAL_Driver/Src/stm32f4xx_hal_pwr_ex.c ****   * @note  When moving from Range 1 to Range 2, the system frequency must be decreased to
 229:Drivers/STM32F4xx_HAL_Driver/Src/stm32f4xx_hal_pwr_ex.c ****   *        a value below 144 MHz before calling HAL_PWREx_ConfigVoltageScaling() API.
 230:Drivers/STM32F4xx_HAL_Driver/Src/stm32f4xx_hal_pwr_ex.c ****   *        When moving from Range 2 to Range 1, the system frequency can be increased to
 231:Drivers/STM32F4xx_HAL_Driver/Src/stm32f4xx_hal_pwr_ex.c ****   *        a value up to 168 MHz after calling HAL_PWREx_ConfigVoltageScaling() API.
 232:Drivers/STM32F4xx_HAL_Driver/Src/stm32f4xx_hal_pwr_ex.c ****   * @retval HAL Status
 233:Drivers/STM32F4xx_HAL_Driver/Src/stm32f4xx_hal_pwr_ex.c ****   */
 234:Drivers/STM32F4xx_HAL_Driver/Src/stm32f4xx_hal_pwr_ex.c **** HAL_StatusTypeDef HAL_PWREx_ControlVoltageScaling(uint32_t VoltageScaling)
 235:Drivers/STM32F4xx_HAL_Driver/Src/stm32f4xx_hal_pwr_ex.c **** {
 236:Drivers/STM32F4xx_HAL_Driver/Src/stm32f4xx_hal_pwr_ex.c ****   uint32_t tickstart = 0U;
ARM GAS  C:\WINDOWS\TEMP\ccdYqzJ8.s 			page 9


 237:Drivers/STM32F4xx_HAL_Driver/Src/stm32f4xx_hal_pwr_ex.c ****   
 238:Drivers/STM32F4xx_HAL_Driver/Src/stm32f4xx_hal_pwr_ex.c ****   assert_param(IS_PWR_VOLTAGE_SCALING_RANGE(VoltageScaling));
 239:Drivers/STM32F4xx_HAL_Driver/Src/stm32f4xx_hal_pwr_ex.c ****   
 240:Drivers/STM32F4xx_HAL_Driver/Src/stm32f4xx_hal_pwr_ex.c ****   /* Enable PWR RCC Clock Peripheral */
 241:Drivers/STM32F4xx_HAL_Driver/Src/stm32f4xx_hal_pwr_ex.c ****   __HAL_RCC_PWR_CLK_ENABLE();
 242:Drivers/STM32F4xx_HAL_Driver/Src/stm32f4xx_hal_pwr_ex.c ****   
 243:Drivers/STM32F4xx_HAL_Driver/Src/stm32f4xx_hal_pwr_ex.c ****   /* Set Range */
 244:Drivers/STM32F4xx_HAL_Driver/Src/stm32f4xx_hal_pwr_ex.c ****   __HAL_PWR_VOLTAGESCALING_CONFIG(VoltageScaling);
 245:Drivers/STM32F4xx_HAL_Driver/Src/stm32f4xx_hal_pwr_ex.c ****   
 246:Drivers/STM32F4xx_HAL_Driver/Src/stm32f4xx_hal_pwr_ex.c ****   /* Get Start Tick*/
 247:Drivers/STM32F4xx_HAL_Driver/Src/stm32f4xx_hal_pwr_ex.c ****   tickstart = HAL_GetTick();
 248:Drivers/STM32F4xx_HAL_Driver/Src/stm32f4xx_hal_pwr_ex.c ****   while((__HAL_PWR_GET_FLAG(PWR_FLAG_VOSRDY) == RESET))
 249:Drivers/STM32F4xx_HAL_Driver/Src/stm32f4xx_hal_pwr_ex.c ****   {
 250:Drivers/STM32F4xx_HAL_Driver/Src/stm32f4xx_hal_pwr_ex.c ****     if((HAL_GetTick() - tickstart ) > PWR_VOSRDY_TIMEOUT_VALUE)
 251:Drivers/STM32F4xx_HAL_Driver/Src/stm32f4xx_hal_pwr_ex.c ****     {
 252:Drivers/STM32F4xx_HAL_Driver/Src/stm32f4xx_hal_pwr_ex.c ****       return HAL_TIMEOUT;
 253:Drivers/STM32F4xx_HAL_Driver/Src/stm32f4xx_hal_pwr_ex.c ****     } 
 254:Drivers/STM32F4xx_HAL_Driver/Src/stm32f4xx_hal_pwr_ex.c ****   }
 255:Drivers/STM32F4xx_HAL_Driver/Src/stm32f4xx_hal_pwr_ex.c **** 
 256:Drivers/STM32F4xx_HAL_Driver/Src/stm32f4xx_hal_pwr_ex.c ****   return HAL_OK;
 257:Drivers/STM32F4xx_HAL_Driver/Src/stm32f4xx_hal_pwr_ex.c **** }
 258:Drivers/STM32F4xx_HAL_Driver/Src/stm32f4xx_hal_pwr_ex.c **** 
 259:Drivers/STM32F4xx_HAL_Driver/Src/stm32f4xx_hal_pwr_ex.c **** #elif defined(STM32F427xx) || defined(STM32F437xx) || defined(STM32F429xx) || defined(STM32F439xx) 
 260:Drivers/STM32F4xx_HAL_Driver/Src/stm32f4xx_hal_pwr_ex.c ****       defined(STM32F401xC) || defined(STM32F401xE) || defined(STM32F410Tx) || defined(STM32F410Cx) 
 261:Drivers/STM32F4xx_HAL_Driver/Src/stm32f4xx_hal_pwr_ex.c ****       defined(STM32F410Rx) || defined(STM32F411xE) || defined(STM32F446xx) || defined(STM32F469xx) 
 262:Drivers/STM32F4xx_HAL_Driver/Src/stm32f4xx_hal_pwr_ex.c ****       defined(STM32F479xx) || defined(STM32F412Zx) || defined(STM32F412Vx) || defined(STM32F412Rx) 
 263:Drivers/STM32F4xx_HAL_Driver/Src/stm32f4xx_hal_pwr_ex.c ****       defined(STM32F412Cx) || defined(STM32F413xx) || defined(STM32F423xx)
 264:Drivers/STM32F4xx_HAL_Driver/Src/stm32f4xx_hal_pwr_ex.c **** /**
 265:Drivers/STM32F4xx_HAL_Driver/Src/stm32f4xx_hal_pwr_ex.c ****   * @brief Configures the main internal regulator output voltage.
 266:Drivers/STM32F4xx_HAL_Driver/Src/stm32f4xx_hal_pwr_ex.c ****   * @param  VoltageScaling specifies the regulator output voltage to achieve
 267:Drivers/STM32F4xx_HAL_Driver/Src/stm32f4xx_hal_pwr_ex.c ****   *         a tradeoff between performance and power consumption.
 268:Drivers/STM32F4xx_HAL_Driver/Src/stm32f4xx_hal_pwr_ex.c ****   *          This parameter can be one of the following values:
 269:Drivers/STM32F4xx_HAL_Driver/Src/stm32f4xx_hal_pwr_ex.c ****   *            @arg PWR_REGULATOR_VOLTAGE_SCALE1: Regulator voltage output range 1 mode,
 270:Drivers/STM32F4xx_HAL_Driver/Src/stm32f4xx_hal_pwr_ex.c ****   *                                               the maximum value of fHCLK is 168 MHz. It can be 
 271:Drivers/STM32F4xx_HAL_Driver/Src/stm32f4xx_hal_pwr_ex.c ****   *                                               180 MHz by activating the over-drive mode.
 272:Drivers/STM32F4xx_HAL_Driver/Src/stm32f4xx_hal_pwr_ex.c ****   *            @arg PWR_REGULATOR_VOLTAGE_SCALE2: Regulator voltage output range 2 mode,
 273:Drivers/STM32F4xx_HAL_Driver/Src/stm32f4xx_hal_pwr_ex.c ****   *                                               the maximum value of fHCLK is 144 MHz. It can be 
 274:Drivers/STM32F4xx_HAL_Driver/Src/stm32f4xx_hal_pwr_ex.c ****   *                                               168 MHz by activating the over-drive mode.
 275:Drivers/STM32F4xx_HAL_Driver/Src/stm32f4xx_hal_pwr_ex.c ****   *            @arg PWR_REGULATOR_VOLTAGE_SCALE3: Regulator voltage output range 3 mode,
 276:Drivers/STM32F4xx_HAL_Driver/Src/stm32f4xx_hal_pwr_ex.c ****   *                                               the maximum value of fHCLK is 120 MHz.
 277:Drivers/STM32F4xx_HAL_Driver/Src/stm32f4xx_hal_pwr_ex.c ****   * @note To update the system clock frequency(SYSCLK):
 278:Drivers/STM32F4xx_HAL_Driver/Src/stm32f4xx_hal_pwr_ex.c ****   *        - Set the HSI or HSE as system clock frequency using the HAL_RCC_ClockConfig().
 279:Drivers/STM32F4xx_HAL_Driver/Src/stm32f4xx_hal_pwr_ex.c ****   *        - Call the HAL_RCC_OscConfig() to configure the PLL.
 280:Drivers/STM32F4xx_HAL_Driver/Src/stm32f4xx_hal_pwr_ex.c ****   *        - Call HAL_PWREx_ConfigVoltageScaling() API to adjust the voltage scale.
 281:Drivers/STM32F4xx_HAL_Driver/Src/stm32f4xx_hal_pwr_ex.c ****   *        - Set the new system clock frequency using the HAL_RCC_ClockConfig().
 282:Drivers/STM32F4xx_HAL_Driver/Src/stm32f4xx_hal_pwr_ex.c ****   * @note The scale can be modified only when the HSI or HSE clock source is selected 
 283:Drivers/STM32F4xx_HAL_Driver/Src/stm32f4xx_hal_pwr_ex.c ****   *        as system clock source, otherwise the API returns HAL_ERROR.  
 284:Drivers/STM32F4xx_HAL_Driver/Src/stm32f4xx_hal_pwr_ex.c ****   * @note When the PLL is OFF, the voltage scale 3 is automatically selected and the VOS bits
 285:Drivers/STM32F4xx_HAL_Driver/Src/stm32f4xx_hal_pwr_ex.c ****   *       value in the PWR_CR1 register are not taken in account.
 286:Drivers/STM32F4xx_HAL_Driver/Src/stm32f4xx_hal_pwr_ex.c ****   * @note This API forces the PLL state ON to allow the possibility to configure the voltage scale 
 287:Drivers/STM32F4xx_HAL_Driver/Src/stm32f4xx_hal_pwr_ex.c ****   * @note The new voltage scale is active only when the PLL is ON.  
 288:Drivers/STM32F4xx_HAL_Driver/Src/stm32f4xx_hal_pwr_ex.c ****   * @retval HAL Status
 289:Drivers/STM32F4xx_HAL_Driver/Src/stm32f4xx_hal_pwr_ex.c ****   */
 290:Drivers/STM32F4xx_HAL_Driver/Src/stm32f4xx_hal_pwr_ex.c **** HAL_StatusTypeDef HAL_PWREx_ControlVoltageScaling(uint32_t VoltageScaling)
 291:Drivers/STM32F4xx_HAL_Driver/Src/stm32f4xx_hal_pwr_ex.c **** {
 228              		.loc 1 291 0
 229              		.cfi_startproc
ARM GAS  C:\WINDOWS\TEMP\ccdYqzJ8.s 			page 10


 230              		@ args = 0, pretend = 0, frame = 8
 231              		@ frame_needed = 0, uses_anonymous_args = 0
 232              	.LVL14:
 233 0000 30B5     		push	{r4, r5, lr}
 234              	.LCFI2:
 235              		.cfi_def_cfa_offset 12
 236              		.cfi_offset 4, -12
 237              		.cfi_offset 5, -8
 238              		.cfi_offset 14, -4
 239 0002 83B0     		sub	sp, sp, #12
 240              	.LCFI3:
 241              		.cfi_def_cfa_offset 24
 242              	.LVL15:
 243              	.LBB2:
 292:Drivers/STM32F4xx_HAL_Driver/Src/stm32f4xx_hal_pwr_ex.c ****   uint32_t tickstart = 0U;
 293:Drivers/STM32F4xx_HAL_Driver/Src/stm32f4xx_hal_pwr_ex.c ****   
 294:Drivers/STM32F4xx_HAL_Driver/Src/stm32f4xx_hal_pwr_ex.c ****   assert_param(IS_PWR_VOLTAGE_SCALING_RANGE(VoltageScaling));
 295:Drivers/STM32F4xx_HAL_Driver/Src/stm32f4xx_hal_pwr_ex.c ****   
 296:Drivers/STM32F4xx_HAL_Driver/Src/stm32f4xx_hal_pwr_ex.c ****   /* Enable PWR RCC Clock Peripheral */
 297:Drivers/STM32F4xx_HAL_Driver/Src/stm32f4xx_hal_pwr_ex.c ****   __HAL_RCC_PWR_CLK_ENABLE();
 244              		.loc 1 297 0
 245 0004 0023     		movs	r3, #0
 246 0006 0093     		str	r3, [sp]
 247 0008 2C4B     		ldr	r3, .L39
 248 000a 1A6C     		ldr	r2, [r3, #64]
 249 000c 42F08052 		orr	r2, r2, #268435456
 250 0010 1A64     		str	r2, [r3, #64]
 251 0012 1A6C     		ldr	r2, [r3, #64]
 252 0014 02F08052 		and	r2, r2, #268435456
 253 0018 0092     		str	r2, [sp]
 254 001a 009A     		ldr	r2, [sp]
 255              	.LBE2:
 298:Drivers/STM32F4xx_HAL_Driver/Src/stm32f4xx_hal_pwr_ex.c ****   
 299:Drivers/STM32F4xx_HAL_Driver/Src/stm32f4xx_hal_pwr_ex.c ****   /* Check if the PLL is used as system clock or not */
 300:Drivers/STM32F4xx_HAL_Driver/Src/stm32f4xx_hal_pwr_ex.c ****   if(__HAL_RCC_GET_SYSCLK_SOURCE() != RCC_CFGR_SWS_PLL)
 256              		.loc 1 300 0
 257 001c 9B68     		ldr	r3, [r3, #8]
 258 001e 03F00C03 		and	r3, r3, #12
 259 0022 082B     		cmp	r3, #8
 260 0024 40D0     		beq	.L34
 261 0026 0546     		mov	r5, r0
 301:Drivers/STM32F4xx_HAL_Driver/Src/stm32f4xx_hal_pwr_ex.c ****   {
 302:Drivers/STM32F4xx_HAL_Driver/Src/stm32f4xx_hal_pwr_ex.c ****     /* Disable the main PLL */
 303:Drivers/STM32F4xx_HAL_Driver/Src/stm32f4xx_hal_pwr_ex.c ****     __HAL_RCC_PLL_DISABLE();
 262              		.loc 1 303 0
 263 0028 0022     		movs	r2, #0
 264 002a 254B     		ldr	r3, .L39+4
 265 002c 1A60     		str	r2, [r3]
 304:Drivers/STM32F4xx_HAL_Driver/Src/stm32f4xx_hal_pwr_ex.c ****     
 305:Drivers/STM32F4xx_HAL_Driver/Src/stm32f4xx_hal_pwr_ex.c ****     /* Get Start Tick */
 306:Drivers/STM32F4xx_HAL_Driver/Src/stm32f4xx_hal_pwr_ex.c ****     tickstart = HAL_GetTick();    
 266              		.loc 1 306 0
 267 002e FFF7FEFF 		bl	HAL_GetTick
 268              	.LVL16:
 269 0032 0446     		mov	r4, r0
 270              	.LVL17:
 307:Drivers/STM32F4xx_HAL_Driver/Src/stm32f4xx_hal_pwr_ex.c ****     /* Wait till PLL is disabled */  
ARM GAS  C:\WINDOWS\TEMP\ccdYqzJ8.s 			page 11


 308:Drivers/STM32F4xx_HAL_Driver/Src/stm32f4xx_hal_pwr_ex.c ****     while(__HAL_RCC_GET_FLAG(RCC_FLAG_PLLRDY) != RESET)
 271              		.loc 1 308 0
 272 0034 04E0     		b	.L28
 273              	.LVL18:
 274              	.L29:
 309:Drivers/STM32F4xx_HAL_Driver/Src/stm32f4xx_hal_pwr_ex.c ****     {
 310:Drivers/STM32F4xx_HAL_Driver/Src/stm32f4xx_hal_pwr_ex.c ****       if((HAL_GetTick() - tickstart ) > PLL_TIMEOUT_VALUE)
 275              		.loc 1 310 0
 276 0036 FFF7FEFF 		bl	HAL_GetTick
 277              	.LVL19:
 278 003a 001B     		subs	r0, r0, r4
 279 003c 0228     		cmp	r0, #2
 280 003e 35D8     		bhi	.L35
 281              	.L28:
 308:Drivers/STM32F4xx_HAL_Driver/Src/stm32f4xx_hal_pwr_ex.c ****     {
 282              		.loc 1 308 0
 283 0040 1E4B     		ldr	r3, .L39
 284 0042 1B68     		ldr	r3, [r3]
 285 0044 13F0007F 		tst	r3, #33554432
 286 0048 F5D1     		bne	.L29
 287              	.LBB3:
 311:Drivers/STM32F4xx_HAL_Driver/Src/stm32f4xx_hal_pwr_ex.c ****       {
 312:Drivers/STM32F4xx_HAL_Driver/Src/stm32f4xx_hal_pwr_ex.c ****         return HAL_TIMEOUT;
 313:Drivers/STM32F4xx_HAL_Driver/Src/stm32f4xx_hal_pwr_ex.c ****       }
 314:Drivers/STM32F4xx_HAL_Driver/Src/stm32f4xx_hal_pwr_ex.c ****     }
 315:Drivers/STM32F4xx_HAL_Driver/Src/stm32f4xx_hal_pwr_ex.c ****     
 316:Drivers/STM32F4xx_HAL_Driver/Src/stm32f4xx_hal_pwr_ex.c ****     /* Set Range */
 317:Drivers/STM32F4xx_HAL_Driver/Src/stm32f4xx_hal_pwr_ex.c ****     __HAL_PWR_VOLTAGESCALING_CONFIG(VoltageScaling);
 288              		.loc 1 317 0
 289 004a 0023     		movs	r3, #0
 290 004c 0193     		str	r3, [sp, #4]
 291 004e 1D4B     		ldr	r3, .L39+8
 292 0050 1868     		ldr	r0, [r3]
 293 0052 20F44040 		bic	r0, r0, #49152
 294 0056 2843     		orrs	r0, r0, r5
 295 0058 1860     		str	r0, [r3]
 296 005a 1B68     		ldr	r3, [r3]
 297 005c 03F44043 		and	r3, r3, #49152
 298 0060 0193     		str	r3, [sp, #4]
 299 0062 019B     		ldr	r3, [sp, #4]
 300              	.LBE3:
 318:Drivers/STM32F4xx_HAL_Driver/Src/stm32f4xx_hal_pwr_ex.c ****     
 319:Drivers/STM32F4xx_HAL_Driver/Src/stm32f4xx_hal_pwr_ex.c ****     /* Enable the main PLL */
 320:Drivers/STM32F4xx_HAL_Driver/Src/stm32f4xx_hal_pwr_ex.c ****     __HAL_RCC_PLL_ENABLE();
 301              		.loc 1 320 0
 302 0064 0122     		movs	r2, #1
 303 0066 164B     		ldr	r3, .L39+4
 304 0068 1A60     		str	r2, [r3]
 321:Drivers/STM32F4xx_HAL_Driver/Src/stm32f4xx_hal_pwr_ex.c ****     
 322:Drivers/STM32F4xx_HAL_Driver/Src/stm32f4xx_hal_pwr_ex.c ****     /* Get Start Tick */
 323:Drivers/STM32F4xx_HAL_Driver/Src/stm32f4xx_hal_pwr_ex.c ****     tickstart = HAL_GetTick();
 305              		.loc 1 323 0
 306 006a FFF7FEFF 		bl	HAL_GetTick
 307              	.LVL20:
 308 006e 0446     		mov	r4, r0
 309              	.LVL21:
 324:Drivers/STM32F4xx_HAL_Driver/Src/stm32f4xx_hal_pwr_ex.c ****     /* Wait till PLL is ready */  
ARM GAS  C:\WINDOWS\TEMP\ccdYqzJ8.s 			page 12


 325:Drivers/STM32F4xx_HAL_Driver/Src/stm32f4xx_hal_pwr_ex.c ****     while(__HAL_RCC_GET_FLAG(RCC_FLAG_PLLRDY) == RESET)
 310              		.loc 1 325 0
 311 0070 04E0     		b	.L30
 312              	.LVL22:
 313              	.L31:
 326:Drivers/STM32F4xx_HAL_Driver/Src/stm32f4xx_hal_pwr_ex.c ****     {
 327:Drivers/STM32F4xx_HAL_Driver/Src/stm32f4xx_hal_pwr_ex.c ****       if((HAL_GetTick() - tickstart ) > PLL_TIMEOUT_VALUE)
 314              		.loc 1 327 0
 315 0072 FFF7FEFF 		bl	HAL_GetTick
 316              	.LVL23:
 317 0076 001B     		subs	r0, r0, r4
 318 0078 0228     		cmp	r0, #2
 319 007a 19D8     		bhi	.L36
 320              	.L30:
 325:Drivers/STM32F4xx_HAL_Driver/Src/stm32f4xx_hal_pwr_ex.c ****     {
 321              		.loc 1 325 0
 322 007c 0F4B     		ldr	r3, .L39
 323 007e 1B68     		ldr	r3, [r3]
 324 0080 13F0007F 		tst	r3, #33554432
 325 0084 F5D0     		beq	.L31
 328:Drivers/STM32F4xx_HAL_Driver/Src/stm32f4xx_hal_pwr_ex.c ****       {
 329:Drivers/STM32F4xx_HAL_Driver/Src/stm32f4xx_hal_pwr_ex.c ****         return HAL_TIMEOUT;
 330:Drivers/STM32F4xx_HAL_Driver/Src/stm32f4xx_hal_pwr_ex.c ****       } 
 331:Drivers/STM32F4xx_HAL_Driver/Src/stm32f4xx_hal_pwr_ex.c ****     }
 332:Drivers/STM32F4xx_HAL_Driver/Src/stm32f4xx_hal_pwr_ex.c ****     
 333:Drivers/STM32F4xx_HAL_Driver/Src/stm32f4xx_hal_pwr_ex.c ****     /* Get Start Tick */
 334:Drivers/STM32F4xx_HAL_Driver/Src/stm32f4xx_hal_pwr_ex.c ****     tickstart = HAL_GetTick();
 326              		.loc 1 334 0
 327 0086 FFF7FEFF 		bl	HAL_GetTick
 328              	.LVL24:
 329 008a 0446     		mov	r4, r0
 330              	.LVL25:
 335:Drivers/STM32F4xx_HAL_Driver/Src/stm32f4xx_hal_pwr_ex.c ****     while((__HAL_PWR_GET_FLAG(PWR_FLAG_VOSRDY) == RESET))
 331              		.loc 1 335 0
 332 008c 05E0     		b	.L32
 333              	.LVL26:
 334              	.L33:
 336:Drivers/STM32F4xx_HAL_Driver/Src/stm32f4xx_hal_pwr_ex.c ****     {
 337:Drivers/STM32F4xx_HAL_Driver/Src/stm32f4xx_hal_pwr_ex.c ****       if((HAL_GetTick() - tickstart ) > PWR_VOSRDY_TIMEOUT_VALUE)
 335              		.loc 1 337 0
 336 008e FFF7FEFF 		bl	HAL_GetTick
 337              	.LVL27:
 338 0092 001B     		subs	r0, r0, r4
 339 0094 B0F57A7F 		cmp	r0, #1000
 340 0098 0CD8     		bhi	.L37
 341              	.L32:
 335:Drivers/STM32F4xx_HAL_Driver/Src/stm32f4xx_hal_pwr_ex.c ****     while((__HAL_PWR_GET_FLAG(PWR_FLAG_VOSRDY) == RESET))
 342              		.loc 1 335 0
 343 009a 0A4B     		ldr	r3, .L39+8
 344 009c 5B68     		ldr	r3, [r3, #4]
 345 009e 13F4804F 		tst	r3, #16384
 346 00a2 F4D0     		beq	.L33
 338:Drivers/STM32F4xx_HAL_Driver/Src/stm32f4xx_hal_pwr_ex.c ****       {
 339:Drivers/STM32F4xx_HAL_Driver/Src/stm32f4xx_hal_pwr_ex.c ****         return HAL_TIMEOUT;
 340:Drivers/STM32F4xx_HAL_Driver/Src/stm32f4xx_hal_pwr_ex.c ****       } 
 341:Drivers/STM32F4xx_HAL_Driver/Src/stm32f4xx_hal_pwr_ex.c ****     }
 342:Drivers/STM32F4xx_HAL_Driver/Src/stm32f4xx_hal_pwr_ex.c ****   }
ARM GAS  C:\WINDOWS\TEMP\ccdYqzJ8.s 			page 13


 343:Drivers/STM32F4xx_HAL_Driver/Src/stm32f4xx_hal_pwr_ex.c ****   else
 344:Drivers/STM32F4xx_HAL_Driver/Src/stm32f4xx_hal_pwr_ex.c ****   {
 345:Drivers/STM32F4xx_HAL_Driver/Src/stm32f4xx_hal_pwr_ex.c ****     return HAL_ERROR;
 346:Drivers/STM32F4xx_HAL_Driver/Src/stm32f4xx_hal_pwr_ex.c ****   }
 347:Drivers/STM32F4xx_HAL_Driver/Src/stm32f4xx_hal_pwr_ex.c **** 
 348:Drivers/STM32F4xx_HAL_Driver/Src/stm32f4xx_hal_pwr_ex.c ****   return HAL_OK;
 347              		.loc 1 348 0
 348 00a4 0020     		movs	r0, #0
 349 00a6 06E0     		b	.L27
 350              	.LVL28:
 351              	.L34:
 345:Drivers/STM32F4xx_HAL_Driver/Src/stm32f4xx_hal_pwr_ex.c ****   }
 352              		.loc 1 345 0
 353 00a8 0120     		movs	r0, #1
 354              	.LVL29:
 355 00aa 04E0     		b	.L27
 356              	.LVL30:
 357              	.L35:
 312:Drivers/STM32F4xx_HAL_Driver/Src/stm32f4xx_hal_pwr_ex.c ****       }
 358              		.loc 1 312 0
 359 00ac 0320     		movs	r0, #3
 360 00ae 02E0     		b	.L27
 361              	.L36:
 329:Drivers/STM32F4xx_HAL_Driver/Src/stm32f4xx_hal_pwr_ex.c ****       } 
 362              		.loc 1 329 0
 363 00b0 0320     		movs	r0, #3
 364 00b2 00E0     		b	.L27
 365              	.L37:
 339:Drivers/STM32F4xx_HAL_Driver/Src/stm32f4xx_hal_pwr_ex.c ****       } 
 366              		.loc 1 339 0
 367 00b4 0320     		movs	r0, #3
 368              	.LVL31:
 369              	.L27:
 349:Drivers/STM32F4xx_HAL_Driver/Src/stm32f4xx_hal_pwr_ex.c **** }
 370              		.loc 1 349 0
 371 00b6 03B0     		add	sp, sp, #12
 372              	.LCFI4:
 373              		.cfi_def_cfa_offset 12
 374              		@ sp needed
 375 00b8 30BD     		pop	{r4, r5, pc}
 376              	.L40:
 377 00ba 00BF     		.align	2
 378              	.L39:
 379 00bc 00380240 		.word	1073887232
 380 00c0 60004742 		.word	1111949408
 381 00c4 00700040 		.word	1073770496
 382              		.cfi_endproc
 383              	.LFE135:
 385              		.section	.text.HAL_PWREx_EnableOverDrive,"ax",%progbits
 386              		.align	2
 387              		.global	HAL_PWREx_EnableOverDrive
 388              		.thumb
 389              		.thumb_func
 391              	HAL_PWREx_EnableOverDrive:
 392              	.LFB136:
 350:Drivers/STM32F4xx_HAL_Driver/Src/stm32f4xx_hal_pwr_ex.c **** #endif /* STM32F405xx || STM32F415xx || STM32F407xx || STM32F417xx */
 351:Drivers/STM32F4xx_HAL_Driver/Src/stm32f4xx_hal_pwr_ex.c **** 
ARM GAS  C:\WINDOWS\TEMP\ccdYqzJ8.s 			page 14


 352:Drivers/STM32F4xx_HAL_Driver/Src/stm32f4xx_hal_pwr_ex.c **** #if defined(STM32F401xC) || defined(STM32F401xE) || defined(STM32F410Tx) || defined(STM32F410Cx) ||
 353:Drivers/STM32F4xx_HAL_Driver/Src/stm32f4xx_hal_pwr_ex.c ****     defined(STM32F411xE) || defined(STM32F412Zx) || defined(STM32F412Vx) || defined(STM32F412Rx) ||
 354:Drivers/STM32F4xx_HAL_Driver/Src/stm32f4xx_hal_pwr_ex.c ****     defined(STM32F413xx) || defined(STM32F423xx)
 355:Drivers/STM32F4xx_HAL_Driver/Src/stm32f4xx_hal_pwr_ex.c **** /**
 356:Drivers/STM32F4xx_HAL_Driver/Src/stm32f4xx_hal_pwr_ex.c ****   * @brief Enables Main Regulator low voltage mode.
 357:Drivers/STM32F4xx_HAL_Driver/Src/stm32f4xx_hal_pwr_ex.c ****   * @note  This mode is only available for STM32F401xx/STM32F410xx/STM32F411xx/STM32F412Zx/STM32F41
 358:Drivers/STM32F4xx_HAL_Driver/Src/stm32f4xx_hal_pwr_ex.c ****   *        STM32F413xx/STM32F423xx devices.   
 359:Drivers/STM32F4xx_HAL_Driver/Src/stm32f4xx_hal_pwr_ex.c ****   * @retval None
 360:Drivers/STM32F4xx_HAL_Driver/Src/stm32f4xx_hal_pwr_ex.c ****   */
 361:Drivers/STM32F4xx_HAL_Driver/Src/stm32f4xx_hal_pwr_ex.c **** void HAL_PWREx_EnableMainRegulatorLowVoltage(void)
 362:Drivers/STM32F4xx_HAL_Driver/Src/stm32f4xx_hal_pwr_ex.c **** {
 363:Drivers/STM32F4xx_HAL_Driver/Src/stm32f4xx_hal_pwr_ex.c ****   *(__IO uint32_t *) CR_MRLVDS_BB = (uint32_t)ENABLE;
 364:Drivers/STM32F4xx_HAL_Driver/Src/stm32f4xx_hal_pwr_ex.c **** }
 365:Drivers/STM32F4xx_HAL_Driver/Src/stm32f4xx_hal_pwr_ex.c **** 
 366:Drivers/STM32F4xx_HAL_Driver/Src/stm32f4xx_hal_pwr_ex.c **** /**
 367:Drivers/STM32F4xx_HAL_Driver/Src/stm32f4xx_hal_pwr_ex.c ****   * @brief Disables Main Regulator low voltage mode.
 368:Drivers/STM32F4xx_HAL_Driver/Src/stm32f4xx_hal_pwr_ex.c ****   * @note  This mode is only available for STM32F401xx/STM32F410xx/STM32F411xx/STM32F412Zx/STM32F41
 369:Drivers/STM32F4xx_HAL_Driver/Src/stm32f4xx_hal_pwr_ex.c ****   *        STM32F413xx/STM32F423xxdevices. 
 370:Drivers/STM32F4xx_HAL_Driver/Src/stm32f4xx_hal_pwr_ex.c ****   * @retval None
 371:Drivers/STM32F4xx_HAL_Driver/Src/stm32f4xx_hal_pwr_ex.c ****   */
 372:Drivers/STM32F4xx_HAL_Driver/Src/stm32f4xx_hal_pwr_ex.c **** void HAL_PWREx_DisableMainRegulatorLowVoltage(void)
 373:Drivers/STM32F4xx_HAL_Driver/Src/stm32f4xx_hal_pwr_ex.c **** {
 374:Drivers/STM32F4xx_HAL_Driver/Src/stm32f4xx_hal_pwr_ex.c ****   *(__IO uint32_t *) CR_MRLVDS_BB = (uint32_t)DISABLE;
 375:Drivers/STM32F4xx_HAL_Driver/Src/stm32f4xx_hal_pwr_ex.c **** }
 376:Drivers/STM32F4xx_HAL_Driver/Src/stm32f4xx_hal_pwr_ex.c **** 
 377:Drivers/STM32F4xx_HAL_Driver/Src/stm32f4xx_hal_pwr_ex.c **** /**
 378:Drivers/STM32F4xx_HAL_Driver/Src/stm32f4xx_hal_pwr_ex.c ****   * @brief Enables Low Power Regulator low voltage mode.
 379:Drivers/STM32F4xx_HAL_Driver/Src/stm32f4xx_hal_pwr_ex.c ****   * @note  This mode is only available for STM32F401xx/STM32F410xx/STM32F411xx/STM32F412Zx/STM32F41
 380:Drivers/STM32F4xx_HAL_Driver/Src/stm32f4xx_hal_pwr_ex.c ****   *        STM32F413xx/STM32F423xx devices.   
 381:Drivers/STM32F4xx_HAL_Driver/Src/stm32f4xx_hal_pwr_ex.c ****   * @retval None
 382:Drivers/STM32F4xx_HAL_Driver/Src/stm32f4xx_hal_pwr_ex.c ****   */
 383:Drivers/STM32F4xx_HAL_Driver/Src/stm32f4xx_hal_pwr_ex.c **** void HAL_PWREx_EnableLowRegulatorLowVoltage(void)
 384:Drivers/STM32F4xx_HAL_Driver/Src/stm32f4xx_hal_pwr_ex.c **** {
 385:Drivers/STM32F4xx_HAL_Driver/Src/stm32f4xx_hal_pwr_ex.c ****   *(__IO uint32_t *) CR_LPLVDS_BB = (uint32_t)ENABLE;
 386:Drivers/STM32F4xx_HAL_Driver/Src/stm32f4xx_hal_pwr_ex.c **** }
 387:Drivers/STM32F4xx_HAL_Driver/Src/stm32f4xx_hal_pwr_ex.c **** 
 388:Drivers/STM32F4xx_HAL_Driver/Src/stm32f4xx_hal_pwr_ex.c **** /**
 389:Drivers/STM32F4xx_HAL_Driver/Src/stm32f4xx_hal_pwr_ex.c ****   * @brief Disables Low Power Regulator low voltage mode.
 390:Drivers/STM32F4xx_HAL_Driver/Src/stm32f4xx_hal_pwr_ex.c ****   * @note  This mode is only available for STM32F401xx/STM32F410xx/STM32F411xx/STM32F412Zx/STM32F41
 391:Drivers/STM32F4xx_HAL_Driver/Src/stm32f4xx_hal_pwr_ex.c ****   *        STM32F413xx/STM32F423xx  devices.   
 392:Drivers/STM32F4xx_HAL_Driver/Src/stm32f4xx_hal_pwr_ex.c ****   * @retval None
 393:Drivers/STM32F4xx_HAL_Driver/Src/stm32f4xx_hal_pwr_ex.c ****   */
 394:Drivers/STM32F4xx_HAL_Driver/Src/stm32f4xx_hal_pwr_ex.c **** void HAL_PWREx_DisableLowRegulatorLowVoltage(void)
 395:Drivers/STM32F4xx_HAL_Driver/Src/stm32f4xx_hal_pwr_ex.c **** {
 396:Drivers/STM32F4xx_HAL_Driver/Src/stm32f4xx_hal_pwr_ex.c ****   *(__IO uint32_t *) CR_LPLVDS_BB = (uint32_t)DISABLE;
 397:Drivers/STM32F4xx_HAL_Driver/Src/stm32f4xx_hal_pwr_ex.c **** }
 398:Drivers/STM32F4xx_HAL_Driver/Src/stm32f4xx_hal_pwr_ex.c **** 
 399:Drivers/STM32F4xx_HAL_Driver/Src/stm32f4xx_hal_pwr_ex.c **** #endif /* STM32F401xC || STM32F401xE || STM32F410xx || STM32F411xE || STM32F412Zx || STM32F412Rx ||
 400:Drivers/STM32F4xx_HAL_Driver/Src/stm32f4xx_hal_pwr_ex.c ****           STM32F413xx || STM32F423xx */
 401:Drivers/STM32F4xx_HAL_Driver/Src/stm32f4xx_hal_pwr_ex.c **** 
 402:Drivers/STM32F4xx_HAL_Driver/Src/stm32f4xx_hal_pwr_ex.c **** #if defined(STM32F427xx) || defined(STM32F437xx) || defined(STM32F429xx) || defined(STM32F439xx) ||
 403:Drivers/STM32F4xx_HAL_Driver/Src/stm32f4xx_hal_pwr_ex.c ****     defined(STM32F446xx) || defined(STM32F469xx) || defined(STM32F479xx)
 404:Drivers/STM32F4xx_HAL_Driver/Src/stm32f4xx_hal_pwr_ex.c **** /**
 405:Drivers/STM32F4xx_HAL_Driver/Src/stm32f4xx_hal_pwr_ex.c ****   * @brief  Activates the Over-Drive mode.
 406:Drivers/STM32F4xx_HAL_Driver/Src/stm32f4xx_hal_pwr_ex.c ****   * @note   This function can be used only for STM32F42xx/STM32F43xx/STM32F446xx/STM32F469xx/STM32F
 407:Drivers/STM32F4xx_HAL_Driver/Src/stm32f4xx_hal_pwr_ex.c ****   *         This mode allows the CPU and the core logic to operate at a higher frequency
 408:Drivers/STM32F4xx_HAL_Driver/Src/stm32f4xx_hal_pwr_ex.c ****   *         than the normal mode for a given voltage scaling (scale 1, scale 2 or scale 3).   
ARM GAS  C:\WINDOWS\TEMP\ccdYqzJ8.s 			page 15


 409:Drivers/STM32F4xx_HAL_Driver/Src/stm32f4xx_hal_pwr_ex.c ****   * @note   It is recommended to enter or exit Over-drive mode when the application is not running 
 410:Drivers/STM32F4xx_HAL_Driver/Src/stm32f4xx_hal_pwr_ex.c ****   *         critical tasks and when the system clock source is either HSI or HSE. 
 411:Drivers/STM32F4xx_HAL_Driver/Src/stm32f4xx_hal_pwr_ex.c ****   *         During the Over-drive switch activation, no peripheral clocks should be enabled.   
 412:Drivers/STM32F4xx_HAL_Driver/Src/stm32f4xx_hal_pwr_ex.c ****   *         The peripheral clocks must be enabled once the Over-drive mode is activated.   
 413:Drivers/STM32F4xx_HAL_Driver/Src/stm32f4xx_hal_pwr_ex.c ****   * @retval HAL status
 414:Drivers/STM32F4xx_HAL_Driver/Src/stm32f4xx_hal_pwr_ex.c ****   */
 415:Drivers/STM32F4xx_HAL_Driver/Src/stm32f4xx_hal_pwr_ex.c **** HAL_StatusTypeDef HAL_PWREx_EnableOverDrive(void)
 416:Drivers/STM32F4xx_HAL_Driver/Src/stm32f4xx_hal_pwr_ex.c **** {
 393              		.loc 1 416 0
 394              		.cfi_startproc
 395              		@ args = 0, pretend = 0, frame = 8
 396              		@ frame_needed = 0, uses_anonymous_args = 0
 397 0000 10B5     		push	{r4, lr}
 398              	.LCFI5:
 399              		.cfi_def_cfa_offset 8
 400              		.cfi_offset 4, -8
 401              		.cfi_offset 14, -4
 402 0002 82B0     		sub	sp, sp, #8
 403              	.LCFI6:
 404              		.cfi_def_cfa_offset 16
 405              	.LVL32:
 406              	.LBB4:
 417:Drivers/STM32F4xx_HAL_Driver/Src/stm32f4xx_hal_pwr_ex.c ****   uint32_t tickstart = 0U;
 418:Drivers/STM32F4xx_HAL_Driver/Src/stm32f4xx_hal_pwr_ex.c **** 
 419:Drivers/STM32F4xx_HAL_Driver/Src/stm32f4xx_hal_pwr_ex.c ****   __HAL_RCC_PWR_CLK_ENABLE();
 407              		.loc 1 419 0
 408 0004 0023     		movs	r3, #0
 409 0006 0193     		str	r3, [sp, #4]
 410 0008 1A4B     		ldr	r3, .L50
 411 000a 1A6C     		ldr	r2, [r3, #64]
 412 000c 42F08052 		orr	r2, r2, #268435456
 413 0010 1A64     		str	r2, [r3, #64]
 414 0012 1B6C     		ldr	r3, [r3, #64]
 415 0014 03F08053 		and	r3, r3, #268435456
 416 0018 0193     		str	r3, [sp, #4]
 417 001a 019B     		ldr	r3, [sp, #4]
 418              	.LBE4:
 420:Drivers/STM32F4xx_HAL_Driver/Src/stm32f4xx_hal_pwr_ex.c ****   
 421:Drivers/STM32F4xx_HAL_Driver/Src/stm32f4xx_hal_pwr_ex.c ****   /* Enable the Over-drive to extend the clock frequency to 180 Mhz */
 422:Drivers/STM32F4xx_HAL_Driver/Src/stm32f4xx_hal_pwr_ex.c ****   __HAL_PWR_OVERDRIVE_ENABLE();
 419              		.loc 1 422 0
 420 001c 0122     		movs	r2, #1
 421 001e 164B     		ldr	r3, .L50+4
 422 0020 1A60     		str	r2, [r3]
 423:Drivers/STM32F4xx_HAL_Driver/Src/stm32f4xx_hal_pwr_ex.c **** 
 424:Drivers/STM32F4xx_HAL_Driver/Src/stm32f4xx_hal_pwr_ex.c ****   /* Get tick */
 425:Drivers/STM32F4xx_HAL_Driver/Src/stm32f4xx_hal_pwr_ex.c ****   tickstart = HAL_GetTick();
 423              		.loc 1 425 0
 424 0022 FFF7FEFF 		bl	HAL_GetTick
 425              	.LVL33:
 426 0026 0446     		mov	r4, r0
 427              	.LVL34:
 426:Drivers/STM32F4xx_HAL_Driver/Src/stm32f4xx_hal_pwr_ex.c **** 
 427:Drivers/STM32F4xx_HAL_Driver/Src/stm32f4xx_hal_pwr_ex.c ****   while(!__HAL_PWR_GET_FLAG(PWR_FLAG_ODRDY))
 428              		.loc 1 427 0
 429 0028 05E0     		b	.L42
 430              	.LVL35:
ARM GAS  C:\WINDOWS\TEMP\ccdYqzJ8.s 			page 16


 431              	.L44:
 428:Drivers/STM32F4xx_HAL_Driver/Src/stm32f4xx_hal_pwr_ex.c ****   {
 429:Drivers/STM32F4xx_HAL_Driver/Src/stm32f4xx_hal_pwr_ex.c ****     if((HAL_GetTick() - tickstart) > PWR_OVERDRIVE_TIMEOUT_VALUE)
 432              		.loc 1 429 0
 433 002a FFF7FEFF 		bl	HAL_GetTick
 434              	.LVL36:
 435 002e 001B     		subs	r0, r0, r4
 436 0030 B0F57A7F 		cmp	r0, #1000
 437 0034 18D8     		bhi	.L47
 438              	.L42:
 427:Drivers/STM32F4xx_HAL_Driver/Src/stm32f4xx_hal_pwr_ex.c ****   {
 439              		.loc 1 427 0
 440 0036 114B     		ldr	r3, .L50+8
 441 0038 5B68     		ldr	r3, [r3, #4]
 442 003a 13F4803F 		tst	r3, #65536
 443 003e F4D0     		beq	.L44
 430:Drivers/STM32F4xx_HAL_Driver/Src/stm32f4xx_hal_pwr_ex.c ****     {
 431:Drivers/STM32F4xx_HAL_Driver/Src/stm32f4xx_hal_pwr_ex.c ****       return HAL_TIMEOUT;
 432:Drivers/STM32F4xx_HAL_Driver/Src/stm32f4xx_hal_pwr_ex.c ****     }
 433:Drivers/STM32F4xx_HAL_Driver/Src/stm32f4xx_hal_pwr_ex.c ****   }
 434:Drivers/STM32F4xx_HAL_Driver/Src/stm32f4xx_hal_pwr_ex.c ****   
 435:Drivers/STM32F4xx_HAL_Driver/Src/stm32f4xx_hal_pwr_ex.c ****   /* Enable the Over-drive switch */
 436:Drivers/STM32F4xx_HAL_Driver/Src/stm32f4xx_hal_pwr_ex.c ****   __HAL_PWR_OVERDRIVESWITCHING_ENABLE();
 444              		.loc 1 436 0
 445 0040 0122     		movs	r2, #1
 446 0042 0F4B     		ldr	r3, .L50+12
 447 0044 1A60     		str	r2, [r3]
 437:Drivers/STM32F4xx_HAL_Driver/Src/stm32f4xx_hal_pwr_ex.c **** 
 438:Drivers/STM32F4xx_HAL_Driver/Src/stm32f4xx_hal_pwr_ex.c ****   /* Get tick */
 439:Drivers/STM32F4xx_HAL_Driver/Src/stm32f4xx_hal_pwr_ex.c ****   tickstart = HAL_GetTick();
 448              		.loc 1 439 0
 449 0046 FFF7FEFF 		bl	HAL_GetTick
 450              	.LVL37:
 451 004a 0446     		mov	r4, r0
 452              	.LVL38:
 440:Drivers/STM32F4xx_HAL_Driver/Src/stm32f4xx_hal_pwr_ex.c **** 
 441:Drivers/STM32F4xx_HAL_Driver/Src/stm32f4xx_hal_pwr_ex.c ****   while(!__HAL_PWR_GET_FLAG(PWR_FLAG_ODSWRDY))
 453              		.loc 1 441 0
 454 004c 05E0     		b	.L45
 455              	.LVL39:
 456              	.L46:
 442:Drivers/STM32F4xx_HAL_Driver/Src/stm32f4xx_hal_pwr_ex.c ****   {
 443:Drivers/STM32F4xx_HAL_Driver/Src/stm32f4xx_hal_pwr_ex.c ****     if((HAL_GetTick() - tickstart ) > PWR_OVERDRIVE_TIMEOUT_VALUE)
 457              		.loc 1 443 0
 458 004e FFF7FEFF 		bl	HAL_GetTick
 459              	.LVL40:
 460 0052 001B     		subs	r0, r0, r4
 461 0054 B0F57A7F 		cmp	r0, #1000
 462 0058 08D8     		bhi	.L48
 463              	.L45:
 441:Drivers/STM32F4xx_HAL_Driver/Src/stm32f4xx_hal_pwr_ex.c ****   {
 464              		.loc 1 441 0
 465 005a 084B     		ldr	r3, .L50+8
 466 005c 5B68     		ldr	r3, [r3, #4]
 467 005e 13F4003F 		tst	r3, #131072
 468 0062 F4D0     		beq	.L46
 444:Drivers/STM32F4xx_HAL_Driver/Src/stm32f4xx_hal_pwr_ex.c ****     {
ARM GAS  C:\WINDOWS\TEMP\ccdYqzJ8.s 			page 17


 445:Drivers/STM32F4xx_HAL_Driver/Src/stm32f4xx_hal_pwr_ex.c ****       return HAL_TIMEOUT;
 446:Drivers/STM32F4xx_HAL_Driver/Src/stm32f4xx_hal_pwr_ex.c ****     }
 447:Drivers/STM32F4xx_HAL_Driver/Src/stm32f4xx_hal_pwr_ex.c ****   } 
 448:Drivers/STM32F4xx_HAL_Driver/Src/stm32f4xx_hal_pwr_ex.c ****   return HAL_OK;
 469              		.loc 1 448 0
 470 0064 0020     		movs	r0, #0
 471 0066 02E0     		b	.L43
 472              	.L47:
 431:Drivers/STM32F4xx_HAL_Driver/Src/stm32f4xx_hal_pwr_ex.c ****     }
 473              		.loc 1 431 0
 474 0068 0320     		movs	r0, #3
 475 006a 00E0     		b	.L43
 476              	.L48:
 445:Drivers/STM32F4xx_HAL_Driver/Src/stm32f4xx_hal_pwr_ex.c ****     }
 477              		.loc 1 445 0
 478 006c 0320     		movs	r0, #3
 479              	.L43:
 449:Drivers/STM32F4xx_HAL_Driver/Src/stm32f4xx_hal_pwr_ex.c **** }
 480              		.loc 1 449 0
 481 006e 02B0     		add	sp, sp, #8
 482              	.LCFI7:
 483              		.cfi_def_cfa_offset 8
 484              		@ sp needed
 485 0070 10BD     		pop	{r4, pc}
 486              	.LVL41:
 487              	.L51:
 488 0072 00BF     		.align	2
 489              	.L50:
 490 0074 00380240 		.word	1073887232
 491 0078 40000E42 		.word	1108213824
 492 007c 00700040 		.word	1073770496
 493 0080 44000E42 		.word	1108213828
 494              		.cfi_endproc
 495              	.LFE136:
 497              		.section	.text.HAL_PWREx_DisableOverDrive,"ax",%progbits
 498              		.align	2
 499              		.global	HAL_PWREx_DisableOverDrive
 500              		.thumb
 501              		.thumb_func
 503              	HAL_PWREx_DisableOverDrive:
 504              	.LFB137:
 450:Drivers/STM32F4xx_HAL_Driver/Src/stm32f4xx_hal_pwr_ex.c **** 
 451:Drivers/STM32F4xx_HAL_Driver/Src/stm32f4xx_hal_pwr_ex.c **** /**
 452:Drivers/STM32F4xx_HAL_Driver/Src/stm32f4xx_hal_pwr_ex.c ****   * @brief  Deactivates the Over-Drive mode.
 453:Drivers/STM32F4xx_HAL_Driver/Src/stm32f4xx_hal_pwr_ex.c ****   * @note   This function can be used only for STM32F42xx/STM32F43xx/STM32F446xx/STM32F469xx/STM32F
 454:Drivers/STM32F4xx_HAL_Driver/Src/stm32f4xx_hal_pwr_ex.c ****   *         This mode allows the CPU and the core logic to operate at a higher frequency
 455:Drivers/STM32F4xx_HAL_Driver/Src/stm32f4xx_hal_pwr_ex.c ****   *         than the normal mode for a given voltage scaling (scale 1, scale 2 or scale 3).    
 456:Drivers/STM32F4xx_HAL_Driver/Src/stm32f4xx_hal_pwr_ex.c ****   * @note   It is recommended to enter or exit Over-drive mode when the application is not running 
 457:Drivers/STM32F4xx_HAL_Driver/Src/stm32f4xx_hal_pwr_ex.c ****   *         critical tasks and when the system clock source is either HSI or HSE. 
 458:Drivers/STM32F4xx_HAL_Driver/Src/stm32f4xx_hal_pwr_ex.c ****   *         During the Over-drive switch activation, no peripheral clocks should be enabled.   
 459:Drivers/STM32F4xx_HAL_Driver/Src/stm32f4xx_hal_pwr_ex.c ****   *         The peripheral clocks must be enabled once the Over-drive mode is activated.
 460:Drivers/STM32F4xx_HAL_Driver/Src/stm32f4xx_hal_pwr_ex.c ****   * @retval HAL status
 461:Drivers/STM32F4xx_HAL_Driver/Src/stm32f4xx_hal_pwr_ex.c ****   */
 462:Drivers/STM32F4xx_HAL_Driver/Src/stm32f4xx_hal_pwr_ex.c **** HAL_StatusTypeDef HAL_PWREx_DisableOverDrive(void)
 463:Drivers/STM32F4xx_HAL_Driver/Src/stm32f4xx_hal_pwr_ex.c **** {
 505              		.loc 1 463 0
 506              		.cfi_startproc
ARM GAS  C:\WINDOWS\TEMP\ccdYqzJ8.s 			page 18


 507              		@ args = 0, pretend = 0, frame = 8
 508              		@ frame_needed = 0, uses_anonymous_args = 0
 509 0000 10B5     		push	{r4, lr}
 510              	.LCFI8:
 511              		.cfi_def_cfa_offset 8
 512              		.cfi_offset 4, -8
 513              		.cfi_offset 14, -4
 514 0002 82B0     		sub	sp, sp, #8
 515              	.LCFI9:
 516              		.cfi_def_cfa_offset 16
 517              	.LVL42:
 518              	.LBB5:
 464:Drivers/STM32F4xx_HAL_Driver/Src/stm32f4xx_hal_pwr_ex.c ****   uint32_t tickstart = 0U;
 465:Drivers/STM32F4xx_HAL_Driver/Src/stm32f4xx_hal_pwr_ex.c ****   
 466:Drivers/STM32F4xx_HAL_Driver/Src/stm32f4xx_hal_pwr_ex.c ****   __HAL_RCC_PWR_CLK_ENABLE();
 519              		.loc 1 466 0
 520 0004 0021     		movs	r1, #0
 521 0006 0191     		str	r1, [sp, #4]
 522 0008 194B     		ldr	r3, .L61
 523 000a 1A6C     		ldr	r2, [r3, #64]
 524 000c 42F08052 		orr	r2, r2, #268435456
 525 0010 1A64     		str	r2, [r3, #64]
 526 0012 1B6C     		ldr	r3, [r3, #64]
 527 0014 03F08053 		and	r3, r3, #268435456
 528 0018 0193     		str	r3, [sp, #4]
 529 001a 019B     		ldr	r3, [sp, #4]
 530              	.LBE5:
 467:Drivers/STM32F4xx_HAL_Driver/Src/stm32f4xx_hal_pwr_ex.c ****     
 468:Drivers/STM32F4xx_HAL_Driver/Src/stm32f4xx_hal_pwr_ex.c ****   /* Disable the Over-drive switch */
 469:Drivers/STM32F4xx_HAL_Driver/Src/stm32f4xx_hal_pwr_ex.c ****   __HAL_PWR_OVERDRIVESWITCHING_DISABLE();
 531              		.loc 1 469 0
 532 001c 154B     		ldr	r3, .L61+4
 533 001e 1960     		str	r1, [r3]
 470:Drivers/STM32F4xx_HAL_Driver/Src/stm32f4xx_hal_pwr_ex.c ****   
 471:Drivers/STM32F4xx_HAL_Driver/Src/stm32f4xx_hal_pwr_ex.c ****   /* Get tick */
 472:Drivers/STM32F4xx_HAL_Driver/Src/stm32f4xx_hal_pwr_ex.c ****   tickstart = HAL_GetTick();
 534              		.loc 1 472 0
 535 0020 FFF7FEFF 		bl	HAL_GetTick
 536              	.LVL43:
 537 0024 0446     		mov	r4, r0
 538              	.LVL44:
 473:Drivers/STM32F4xx_HAL_Driver/Src/stm32f4xx_hal_pwr_ex.c ****  
 474:Drivers/STM32F4xx_HAL_Driver/Src/stm32f4xx_hal_pwr_ex.c ****   while(__HAL_PWR_GET_FLAG(PWR_FLAG_ODSWRDY))
 539              		.loc 1 474 0
 540 0026 05E0     		b	.L53
 541              	.LVL45:
 542              	.L55:
 475:Drivers/STM32F4xx_HAL_Driver/Src/stm32f4xx_hal_pwr_ex.c ****   {
 476:Drivers/STM32F4xx_HAL_Driver/Src/stm32f4xx_hal_pwr_ex.c ****     if((HAL_GetTick() - tickstart) > PWR_OVERDRIVE_TIMEOUT_VALUE)
 543              		.loc 1 476 0
 544 0028 FFF7FEFF 		bl	HAL_GetTick
 545              	.LVL46:
 546 002c 001B     		subs	r0, r0, r4
 547 002e B0F57A7F 		cmp	r0, #1000
 548 0032 18D8     		bhi	.L58
 549              	.L53:
 474:Drivers/STM32F4xx_HAL_Driver/Src/stm32f4xx_hal_pwr_ex.c ****   {
ARM GAS  C:\WINDOWS\TEMP\ccdYqzJ8.s 			page 19


 550              		.loc 1 474 0
 551 0034 104B     		ldr	r3, .L61+8
 552 0036 5B68     		ldr	r3, [r3, #4]
 553 0038 13F4003F 		tst	r3, #131072
 554 003c F4D1     		bne	.L55
 477:Drivers/STM32F4xx_HAL_Driver/Src/stm32f4xx_hal_pwr_ex.c ****     {
 478:Drivers/STM32F4xx_HAL_Driver/Src/stm32f4xx_hal_pwr_ex.c ****       return HAL_TIMEOUT;
 479:Drivers/STM32F4xx_HAL_Driver/Src/stm32f4xx_hal_pwr_ex.c ****     }
 480:Drivers/STM32F4xx_HAL_Driver/Src/stm32f4xx_hal_pwr_ex.c ****   } 
 481:Drivers/STM32F4xx_HAL_Driver/Src/stm32f4xx_hal_pwr_ex.c ****   
 482:Drivers/STM32F4xx_HAL_Driver/Src/stm32f4xx_hal_pwr_ex.c ****   /* Disable the Over-drive */
 483:Drivers/STM32F4xx_HAL_Driver/Src/stm32f4xx_hal_pwr_ex.c ****   __HAL_PWR_OVERDRIVE_DISABLE();
 555              		.loc 1 483 0
 556 003e 0022     		movs	r2, #0
 557 0040 0E4B     		ldr	r3, .L61+12
 558 0042 1A60     		str	r2, [r3]
 484:Drivers/STM32F4xx_HAL_Driver/Src/stm32f4xx_hal_pwr_ex.c **** 
 485:Drivers/STM32F4xx_HAL_Driver/Src/stm32f4xx_hal_pwr_ex.c ****   /* Get tick */
 486:Drivers/STM32F4xx_HAL_Driver/Src/stm32f4xx_hal_pwr_ex.c ****   tickstart = HAL_GetTick();
 559              		.loc 1 486 0
 560 0044 FFF7FEFF 		bl	HAL_GetTick
 561              	.LVL47:
 562 0048 0446     		mov	r4, r0
 563              	.LVL48:
 487:Drivers/STM32F4xx_HAL_Driver/Src/stm32f4xx_hal_pwr_ex.c **** 
 488:Drivers/STM32F4xx_HAL_Driver/Src/stm32f4xx_hal_pwr_ex.c ****   while(__HAL_PWR_GET_FLAG(PWR_FLAG_ODRDY))
 564              		.loc 1 488 0
 565 004a 05E0     		b	.L56
 566              	.LVL49:
 567              	.L57:
 489:Drivers/STM32F4xx_HAL_Driver/Src/stm32f4xx_hal_pwr_ex.c ****   {
 490:Drivers/STM32F4xx_HAL_Driver/Src/stm32f4xx_hal_pwr_ex.c ****     if((HAL_GetTick() - tickstart) > PWR_OVERDRIVE_TIMEOUT_VALUE)
 568              		.loc 1 490 0
 569 004c FFF7FEFF 		bl	HAL_GetTick
 570              	.LVL50:
 571 0050 001B     		subs	r0, r0, r4
 572 0052 B0F57A7F 		cmp	r0, #1000
 573 0056 08D8     		bhi	.L59
 574              	.L56:
 488:Drivers/STM32F4xx_HAL_Driver/Src/stm32f4xx_hal_pwr_ex.c ****   {
 575              		.loc 1 488 0
 576 0058 074B     		ldr	r3, .L61+8
 577 005a 5B68     		ldr	r3, [r3, #4]
 578 005c 13F4803F 		tst	r3, #65536
 579 0060 F4D1     		bne	.L57
 491:Drivers/STM32F4xx_HAL_Driver/Src/stm32f4xx_hal_pwr_ex.c ****     {
 492:Drivers/STM32F4xx_HAL_Driver/Src/stm32f4xx_hal_pwr_ex.c ****       return HAL_TIMEOUT;
 493:Drivers/STM32F4xx_HAL_Driver/Src/stm32f4xx_hal_pwr_ex.c ****     }
 494:Drivers/STM32F4xx_HAL_Driver/Src/stm32f4xx_hal_pwr_ex.c ****   }
 495:Drivers/STM32F4xx_HAL_Driver/Src/stm32f4xx_hal_pwr_ex.c ****   
 496:Drivers/STM32F4xx_HAL_Driver/Src/stm32f4xx_hal_pwr_ex.c ****   return HAL_OK;
 580              		.loc 1 496 0
 581 0062 0020     		movs	r0, #0
 582 0064 02E0     		b	.L54
 583              	.L58:
 478:Drivers/STM32F4xx_HAL_Driver/Src/stm32f4xx_hal_pwr_ex.c ****     }
 584              		.loc 1 478 0
ARM GAS  C:\WINDOWS\TEMP\ccdYqzJ8.s 			page 20


 585 0066 0320     		movs	r0, #3
 586 0068 00E0     		b	.L54
 587              	.L59:
 492:Drivers/STM32F4xx_HAL_Driver/Src/stm32f4xx_hal_pwr_ex.c ****     }
 588              		.loc 1 492 0
 589 006a 0320     		movs	r0, #3
 590              	.L54:
 497:Drivers/STM32F4xx_HAL_Driver/Src/stm32f4xx_hal_pwr_ex.c **** }
 591              		.loc 1 497 0
 592 006c 02B0     		add	sp, sp, #8
 593              	.LCFI10:
 594              		.cfi_def_cfa_offset 8
 595              		@ sp needed
 596 006e 10BD     		pop	{r4, pc}
 597              	.LVL51:
 598              	.L62:
 599              		.align	2
 600              	.L61:
 601 0070 00380240 		.word	1073887232
 602 0074 44000E42 		.word	1108213828
 603 0078 00700040 		.word	1073770496
 604 007c 40000E42 		.word	1108213824
 605              		.cfi_endproc
 606              	.LFE137:
 608              		.section	.text.HAL_PWREx_EnterUnderDriveSTOPMode,"ax",%progbits
 609              		.align	2
 610              		.global	HAL_PWREx_EnterUnderDriveSTOPMode
 611              		.thumb
 612              		.thumb_func
 614              	HAL_PWREx_EnterUnderDriveSTOPMode:
 615              	.LFB138:
 498:Drivers/STM32F4xx_HAL_Driver/Src/stm32f4xx_hal_pwr_ex.c **** 
 499:Drivers/STM32F4xx_HAL_Driver/Src/stm32f4xx_hal_pwr_ex.c **** /**
 500:Drivers/STM32F4xx_HAL_Driver/Src/stm32f4xx_hal_pwr_ex.c ****   * @brief  Enters in Under-Drive STOP mode.
 501:Drivers/STM32F4xx_HAL_Driver/Src/stm32f4xx_hal_pwr_ex.c ****   *  
 502:Drivers/STM32F4xx_HAL_Driver/Src/stm32f4xx_hal_pwr_ex.c ****   * @note   This mode is only available for STM32F42xxx/STM32F43xxx/STM32F446xx/STM32F469xx/STM32F4
 503:Drivers/STM32F4xx_HAL_Driver/Src/stm32f4xx_hal_pwr_ex.c ****   * 
 504:Drivers/STM32F4xx_HAL_Driver/Src/stm32f4xx_hal_pwr_ex.c ****   * @note    This mode can be selected only when the Under-Drive is already active 
 505:Drivers/STM32F4xx_HAL_Driver/Src/stm32f4xx_hal_pwr_ex.c ****   *   
 506:Drivers/STM32F4xx_HAL_Driver/Src/stm32f4xx_hal_pwr_ex.c ****   * @note    This mode is enabled only with STOP low power mode.
 507:Drivers/STM32F4xx_HAL_Driver/Src/stm32f4xx_hal_pwr_ex.c ****   *          In this mode, the 1.2V domain is preserved in reduced leakage mode. This 
 508:Drivers/STM32F4xx_HAL_Driver/Src/stm32f4xx_hal_pwr_ex.c ****   *          mode is only available when the main regulator or the low power regulator 
 509:Drivers/STM32F4xx_HAL_Driver/Src/stm32f4xx_hal_pwr_ex.c ****   *          is in low voltage mode
 510:Drivers/STM32F4xx_HAL_Driver/Src/stm32f4xx_hal_pwr_ex.c ****   *        
 511:Drivers/STM32F4xx_HAL_Driver/Src/stm32f4xx_hal_pwr_ex.c ****   * @note   If the Under-drive mode was enabled, it is automatically disabled after 
 512:Drivers/STM32F4xx_HAL_Driver/Src/stm32f4xx_hal_pwr_ex.c ****   *         exiting Stop mode. 
 513:Drivers/STM32F4xx_HAL_Driver/Src/stm32f4xx_hal_pwr_ex.c ****   *         When the voltage regulator operates in Under-drive mode, an additional  
 514:Drivers/STM32F4xx_HAL_Driver/Src/stm32f4xx_hal_pwr_ex.c ****   *         startup delay is induced when waking up from Stop mode.
 515:Drivers/STM32F4xx_HAL_Driver/Src/stm32f4xx_hal_pwr_ex.c ****   *                    
 516:Drivers/STM32F4xx_HAL_Driver/Src/stm32f4xx_hal_pwr_ex.c ****   * @note   In Stop mode, all I/O pins keep the same state as in Run mode.
 517:Drivers/STM32F4xx_HAL_Driver/Src/stm32f4xx_hal_pwr_ex.c ****   *   
 518:Drivers/STM32F4xx_HAL_Driver/Src/stm32f4xx_hal_pwr_ex.c ****   * @note   When exiting Stop mode by issuing an interrupt or a wake-up event, 
 519:Drivers/STM32F4xx_HAL_Driver/Src/stm32f4xx_hal_pwr_ex.c ****   *         the HSI RC oscillator is selected as system clock.
 520:Drivers/STM32F4xx_HAL_Driver/Src/stm32f4xx_hal_pwr_ex.c ****   *           
 521:Drivers/STM32F4xx_HAL_Driver/Src/stm32f4xx_hal_pwr_ex.c ****   * @note   When the voltage regulator operates in low power mode, an additional 
 522:Drivers/STM32F4xx_HAL_Driver/Src/stm32f4xx_hal_pwr_ex.c ****   *         startup delay is incurred when waking up from Stop mode. 
 523:Drivers/STM32F4xx_HAL_Driver/Src/stm32f4xx_hal_pwr_ex.c ****   *         By keeping the internal regulator ON during Stop mode, the consumption 
ARM GAS  C:\WINDOWS\TEMP\ccdYqzJ8.s 			page 21


 524:Drivers/STM32F4xx_HAL_Driver/Src/stm32f4xx_hal_pwr_ex.c ****   *         is higher although the startup time is reduced.
 525:Drivers/STM32F4xx_HAL_Driver/Src/stm32f4xx_hal_pwr_ex.c ****   *     
 526:Drivers/STM32F4xx_HAL_Driver/Src/stm32f4xx_hal_pwr_ex.c ****   * @param  Regulator specifies the regulator state in STOP mode.
 527:Drivers/STM32F4xx_HAL_Driver/Src/stm32f4xx_hal_pwr_ex.c ****   *          This parameter can be one of the following values:
 528:Drivers/STM32F4xx_HAL_Driver/Src/stm32f4xx_hal_pwr_ex.c ****   *            @arg PWR_MAINREGULATOR_UNDERDRIVE_ON:  Main Regulator in under-drive mode 
 529:Drivers/STM32F4xx_HAL_Driver/Src/stm32f4xx_hal_pwr_ex.c ****   *                 and Flash memory in power-down when the device is in Stop under-drive mode
 530:Drivers/STM32F4xx_HAL_Driver/Src/stm32f4xx_hal_pwr_ex.c ****   *            @arg PWR_LOWPOWERREGULATOR_UNDERDRIVE_ON:  Low Power Regulator in under-drive mode 
 531:Drivers/STM32F4xx_HAL_Driver/Src/stm32f4xx_hal_pwr_ex.c ****   *                and Flash memory in power-down when the device is in Stop under-drive mode
 532:Drivers/STM32F4xx_HAL_Driver/Src/stm32f4xx_hal_pwr_ex.c ****   * @param  STOPEntry specifies if STOP mode in entered with WFI or WFE instruction.
 533:Drivers/STM32F4xx_HAL_Driver/Src/stm32f4xx_hal_pwr_ex.c ****   *          This parameter can be one of the following values:
 534:Drivers/STM32F4xx_HAL_Driver/Src/stm32f4xx_hal_pwr_ex.c ****   *            @arg PWR_SLEEPENTRY_WFI: enter STOP mode with WFI instruction
 535:Drivers/STM32F4xx_HAL_Driver/Src/stm32f4xx_hal_pwr_ex.c ****   *            @arg PWR_SLEEPENTRY_WFE: enter STOP mode with WFE instruction
 536:Drivers/STM32F4xx_HAL_Driver/Src/stm32f4xx_hal_pwr_ex.c ****   * @retval None
 537:Drivers/STM32F4xx_HAL_Driver/Src/stm32f4xx_hal_pwr_ex.c ****   */
 538:Drivers/STM32F4xx_HAL_Driver/Src/stm32f4xx_hal_pwr_ex.c **** HAL_StatusTypeDef HAL_PWREx_EnterUnderDriveSTOPMode(uint32_t Regulator, uint8_t STOPEntry)
 539:Drivers/STM32F4xx_HAL_Driver/Src/stm32f4xx_hal_pwr_ex.c **** {
 616              		.loc 1 539 0
 617              		.cfi_startproc
 618              		@ args = 0, pretend = 0, frame = 8
 619              		@ frame_needed = 0, uses_anonymous_args = 0
 620              		@ link register save eliminated.
 621              	.LVL52:
 622 0000 82B0     		sub	sp, sp, #8
 623              	.LCFI11:
 624              		.cfi_def_cfa_offset 8
 625              	.LVL53:
 626              	.LBB6:
 540:Drivers/STM32F4xx_HAL_Driver/Src/stm32f4xx_hal_pwr_ex.c ****   uint32_t tmpreg1 = 0U;
 541:Drivers/STM32F4xx_HAL_Driver/Src/stm32f4xx_hal_pwr_ex.c **** 
 542:Drivers/STM32F4xx_HAL_Driver/Src/stm32f4xx_hal_pwr_ex.c ****   /* Check the parameters */
 543:Drivers/STM32F4xx_HAL_Driver/Src/stm32f4xx_hal_pwr_ex.c ****   assert_param(IS_PWR_REGULATOR_UNDERDRIVE(Regulator));
 544:Drivers/STM32F4xx_HAL_Driver/Src/stm32f4xx_hal_pwr_ex.c ****   assert_param(IS_PWR_STOP_ENTRY(STOPEntry));
 545:Drivers/STM32F4xx_HAL_Driver/Src/stm32f4xx_hal_pwr_ex.c ****   
 546:Drivers/STM32F4xx_HAL_Driver/Src/stm32f4xx_hal_pwr_ex.c ****   /* Enable Power ctrl clock */
 547:Drivers/STM32F4xx_HAL_Driver/Src/stm32f4xx_hal_pwr_ex.c ****   __HAL_RCC_PWR_CLK_ENABLE();
 627              		.loc 1 547 0
 628 0002 0023     		movs	r3, #0
 629 0004 0193     		str	r3, [sp, #4]
 630 0006 164B     		ldr	r3, .L67
 631 0008 1A6C     		ldr	r2, [r3, #64]
 632 000a 42F08052 		orr	r2, r2, #268435456
 633 000e 1A64     		str	r2, [r3, #64]
 634 0010 1B6C     		ldr	r3, [r3, #64]
 635 0012 03F08053 		and	r3, r3, #268435456
 636 0016 0193     		str	r3, [sp, #4]
 637 0018 019B     		ldr	r3, [sp, #4]
 638              	.LBE6:
 548:Drivers/STM32F4xx_HAL_Driver/Src/stm32f4xx_hal_pwr_ex.c ****   /* Enable the Under-drive Mode ---------------------------------------------*/
 549:Drivers/STM32F4xx_HAL_Driver/Src/stm32f4xx_hal_pwr_ex.c ****   /* Clear Under-drive flag */
 550:Drivers/STM32F4xx_HAL_Driver/Src/stm32f4xx_hal_pwr_ex.c ****   __HAL_PWR_CLEAR_ODRUDR_FLAG();
 639              		.loc 1 550 0
 640 001a 124A     		ldr	r2, .L67+4
 641 001c 5368     		ldr	r3, [r2, #4]
 642 001e 43F44023 		orr	r3, r3, #786432
 643 0022 5360     		str	r3, [r2, #4]
 551:Drivers/STM32F4xx_HAL_Driver/Src/stm32f4xx_hal_pwr_ex.c ****   
 552:Drivers/STM32F4xx_HAL_Driver/Src/stm32f4xx_hal_pwr_ex.c ****   /* Enable the Under-drive */ 
ARM GAS  C:\WINDOWS\TEMP\ccdYqzJ8.s 			page 22


 553:Drivers/STM32F4xx_HAL_Driver/Src/stm32f4xx_hal_pwr_ex.c ****   __HAL_PWR_UNDERDRIVE_ENABLE();
 644              		.loc 1 553 0
 645 0024 1368     		ldr	r3, [r2]
 646 0026 43F44023 		orr	r3, r3, #786432
 647 002a 1360     		str	r3, [r2]
 554:Drivers/STM32F4xx_HAL_Driver/Src/stm32f4xx_hal_pwr_ex.c **** 
 555:Drivers/STM32F4xx_HAL_Driver/Src/stm32f4xx_hal_pwr_ex.c ****   /* Select the regulator state in STOP mode ---------------------------------*/
 556:Drivers/STM32F4xx_HAL_Driver/Src/stm32f4xx_hal_pwr_ex.c ****   tmpreg1 = PWR->CR;
 648              		.loc 1 556 0
 649 002c 1368     		ldr	r3, [r2]
 650              	.LVL54:
 557:Drivers/STM32F4xx_HAL_Driver/Src/stm32f4xx_hal_pwr_ex.c ****   /* Clear PDDS, LPDS, MRLUDS and LPLUDS bits */
 558:Drivers/STM32F4xx_HAL_Driver/Src/stm32f4xx_hal_pwr_ex.c ****   tmpreg1 &= (uint32_t)~(PWR_CR_PDDS | PWR_CR_LPDS | PWR_CR_LPUDS | PWR_CR_MRUDS);
 651              		.loc 1 558 0
 652 002e 23F44063 		bic	r3, r3, #3072
 653              	.LVL55:
 654 0032 23F00303 		bic	r3, r3, #3
 655              	.LVL56:
 559:Drivers/STM32F4xx_HAL_Driver/Src/stm32f4xx_hal_pwr_ex.c ****   
 560:Drivers/STM32F4xx_HAL_Driver/Src/stm32f4xx_hal_pwr_ex.c ****   /* Set LPDS, MRLUDS and LPLUDS bits according to PWR_Regulator value */
 561:Drivers/STM32F4xx_HAL_Driver/Src/stm32f4xx_hal_pwr_ex.c ****   tmpreg1 |= Regulator;
 656              		.loc 1 561 0
 657 0036 1843     		orrs	r0, r0, r3
 658              	.LVL57:
 562:Drivers/STM32F4xx_HAL_Driver/Src/stm32f4xx_hal_pwr_ex.c ****   
 563:Drivers/STM32F4xx_HAL_Driver/Src/stm32f4xx_hal_pwr_ex.c ****   /* Store the new value */
 564:Drivers/STM32F4xx_HAL_Driver/Src/stm32f4xx_hal_pwr_ex.c ****   PWR->CR = tmpreg1;
 659              		.loc 1 564 0
 660 0038 1060     		str	r0, [r2]
 565:Drivers/STM32F4xx_HAL_Driver/Src/stm32f4xx_hal_pwr_ex.c ****   
 566:Drivers/STM32F4xx_HAL_Driver/Src/stm32f4xx_hal_pwr_ex.c ****   /* Set SLEEPDEEP bit of Cortex System Control Register */
 567:Drivers/STM32F4xx_HAL_Driver/Src/stm32f4xx_hal_pwr_ex.c ****   SCB->SCR |= SCB_SCR_SLEEPDEEP_Msk;
 661              		.loc 1 567 0
 662 003a 0B4A     		ldr	r2, .L67+8
 663 003c 1369     		ldr	r3, [r2, #16]
 664 003e 43F00403 		orr	r3, r3, #4
 665 0042 1361     		str	r3, [r2, #16]
 568:Drivers/STM32F4xx_HAL_Driver/Src/stm32f4xx_hal_pwr_ex.c ****   
 569:Drivers/STM32F4xx_HAL_Driver/Src/stm32f4xx_hal_pwr_ex.c ****   /* Select STOP mode entry --------------------------------------------------*/
 570:Drivers/STM32F4xx_HAL_Driver/Src/stm32f4xx_hal_pwr_ex.c ****   if(STOPEntry == PWR_SLEEPENTRY_WFI)
 666              		.loc 1 570 0
 667 0044 0129     		cmp	r1, #1
 668 0046 01D1     		bne	.L64
 571:Drivers/STM32F4xx_HAL_Driver/Src/stm32f4xx_hal_pwr_ex.c ****   {   
 572:Drivers/STM32F4xx_HAL_Driver/Src/stm32f4xx_hal_pwr_ex.c ****     /* Request Wait For Interrupt */
 573:Drivers/STM32F4xx_HAL_Driver/Src/stm32f4xx_hal_pwr_ex.c ****     __WFI();
 669              		.loc 1 573 0
 670              		.syntax unified
 671              	@ 573 "Drivers/STM32F4xx_HAL_Driver/Src/stm32f4xx_hal_pwr_ex.c" 1
 672 0048 30BF     		wfi
 673              	@ 0 "" 2
 674              		.thumb
 675              		.syntax unified
 676 004a 00E0     		b	.L65
 677              	.L64:
 574:Drivers/STM32F4xx_HAL_Driver/Src/stm32f4xx_hal_pwr_ex.c ****   }
 575:Drivers/STM32F4xx_HAL_Driver/Src/stm32f4xx_hal_pwr_ex.c ****   else
ARM GAS  C:\WINDOWS\TEMP\ccdYqzJ8.s 			page 23


 576:Drivers/STM32F4xx_HAL_Driver/Src/stm32f4xx_hal_pwr_ex.c ****   {
 577:Drivers/STM32F4xx_HAL_Driver/Src/stm32f4xx_hal_pwr_ex.c ****     /* Request Wait For Event */
 578:Drivers/STM32F4xx_HAL_Driver/Src/stm32f4xx_hal_pwr_ex.c ****     __WFE();
 678              		.loc 1 578 0
 679              		.syntax unified
 680              	@ 578 "Drivers/STM32F4xx_HAL_Driver/Src/stm32f4xx_hal_pwr_ex.c" 1
 681 004c 20BF     		wfe
 682              	@ 0 "" 2
 683              		.thumb
 684              		.syntax unified
 685              	.L65:
 579:Drivers/STM32F4xx_HAL_Driver/Src/stm32f4xx_hal_pwr_ex.c ****   }
 580:Drivers/STM32F4xx_HAL_Driver/Src/stm32f4xx_hal_pwr_ex.c ****   /* Reset SLEEPDEEP bit of Cortex System Control Register */
 581:Drivers/STM32F4xx_HAL_Driver/Src/stm32f4xx_hal_pwr_ex.c ****   SCB->SCR &= (uint32_t)~((uint32_t)SCB_SCR_SLEEPDEEP_Msk);
 686              		.loc 1 581 0
 687 004e 064A     		ldr	r2, .L67+8
 688 0050 1369     		ldr	r3, [r2, #16]
 689 0052 23F00403 		bic	r3, r3, #4
 690 0056 1361     		str	r3, [r2, #16]
 582:Drivers/STM32F4xx_HAL_Driver/Src/stm32f4xx_hal_pwr_ex.c **** 
 583:Drivers/STM32F4xx_HAL_Driver/Src/stm32f4xx_hal_pwr_ex.c ****   return HAL_OK;  
 584:Drivers/STM32F4xx_HAL_Driver/Src/stm32f4xx_hal_pwr_ex.c **** }
 691              		.loc 1 584 0
 692 0058 0020     		movs	r0, #0
 693              	.LVL58:
 694 005a 02B0     		add	sp, sp, #8
 695              	.LCFI12:
 696              		.cfi_def_cfa_offset 0
 697              		@ sp needed
 698 005c 7047     		bx	lr
 699              	.L68:
 700 005e 00BF     		.align	2
 701              	.L67:
 702 0060 00380240 		.word	1073887232
 703 0064 00700040 		.word	1073770496
 704 0068 00ED00E0 		.word	-536810240
 705              		.cfi_endproc
 706              	.LFE138:
 708              		.text
 709              	.Letext0:
 710              		.file 2 "d:\\tool_chain\\gcc-arm-none-eabi\\5.4 2016q3\\arm-none-eabi\\include\\machine\\_default_
 711              		.file 3 "d:\\tool_chain\\gcc-arm-none-eabi\\5.4 2016q3\\arm-none-eabi\\include\\sys\\_stdint.h"
 712              		.file 4 "Drivers/CMSIS/Include/core_cm4.h"
 713              		.file 5 "Drivers/CMSIS/Device/ST/STM32F4xx/Include/stm32f429xx.h"
 714              		.file 6 "Drivers/CMSIS/Device/ST/STM32F4xx/Include/stm32f4xx.h"
 715              		.file 7 "Drivers/STM32F4xx_HAL_Driver/Inc/stm32f4xx_hal_def.h"
 716              		.file 8 "Drivers/STM32F4xx_HAL_Driver/Inc/stm32f4xx_hal.h"
ARM GAS  C:\WINDOWS\TEMP\ccdYqzJ8.s 			page 24


DEFINED SYMBOLS
                            *ABS*:00000000 stm32f4xx_hal_pwr_ex.c
C:\WINDOWS\TEMP\ccdYqzJ8.s:22     .text.HAL_PWREx_EnableBkUpReg:00000000 $t
C:\WINDOWS\TEMP\ccdYqzJ8.s:27     .text.HAL_PWREx_EnableBkUpReg:00000000 HAL_PWREx_EnableBkUpReg
C:\WINDOWS\TEMP\ccdYqzJ8.s:78     .text.HAL_PWREx_EnableBkUpReg:00000030 $d
C:\WINDOWS\TEMP\ccdYqzJ8.s:84     .text.HAL_PWREx_DisableBkUpReg:00000000 $t
C:\WINDOWS\TEMP\ccdYqzJ8.s:89     .text.HAL_PWREx_DisableBkUpReg:00000000 HAL_PWREx_DisableBkUpReg
C:\WINDOWS\TEMP\ccdYqzJ8.s:139    .text.HAL_PWREx_DisableBkUpReg:00000030 $d
C:\WINDOWS\TEMP\ccdYqzJ8.s:145    .text.HAL_PWREx_EnableFlashPowerDown:00000000 $t
C:\WINDOWS\TEMP\ccdYqzJ8.s:150    .text.HAL_PWREx_EnableFlashPowerDown:00000000 HAL_PWREx_EnableFlashPowerDown
C:\WINDOWS\TEMP\ccdYqzJ8.s:165    .text.HAL_PWREx_EnableFlashPowerDown:00000008 $d
C:\WINDOWS\TEMP\ccdYqzJ8.s:170    .text.HAL_PWREx_DisableFlashPowerDown:00000000 $t
C:\WINDOWS\TEMP\ccdYqzJ8.s:175    .text.HAL_PWREx_DisableFlashPowerDown:00000000 HAL_PWREx_DisableFlashPowerDown
C:\WINDOWS\TEMP\ccdYqzJ8.s:190    .text.HAL_PWREx_DisableFlashPowerDown:00000008 $d
C:\WINDOWS\TEMP\ccdYqzJ8.s:195    .text.HAL_PWREx_GetVoltageRange:00000000 $t
C:\WINDOWS\TEMP\ccdYqzJ8.s:200    .text.HAL_PWREx_GetVoltageRange:00000000 HAL_PWREx_GetVoltageRange
C:\WINDOWS\TEMP\ccdYqzJ8.s:216    .text.HAL_PWREx_GetVoltageRange:0000000c $d
C:\WINDOWS\TEMP\ccdYqzJ8.s:221    .text.HAL_PWREx_ControlVoltageScaling:00000000 $t
C:\WINDOWS\TEMP\ccdYqzJ8.s:226    .text.HAL_PWREx_ControlVoltageScaling:00000000 HAL_PWREx_ControlVoltageScaling
C:\WINDOWS\TEMP\ccdYqzJ8.s:379    .text.HAL_PWREx_ControlVoltageScaling:000000bc $d
C:\WINDOWS\TEMP\ccdYqzJ8.s:386    .text.HAL_PWREx_EnableOverDrive:00000000 $t
C:\WINDOWS\TEMP\ccdYqzJ8.s:391    .text.HAL_PWREx_EnableOverDrive:00000000 HAL_PWREx_EnableOverDrive
C:\WINDOWS\TEMP\ccdYqzJ8.s:490    .text.HAL_PWREx_EnableOverDrive:00000074 $d
C:\WINDOWS\TEMP\ccdYqzJ8.s:498    .text.HAL_PWREx_DisableOverDrive:00000000 $t
C:\WINDOWS\TEMP\ccdYqzJ8.s:503    .text.HAL_PWREx_DisableOverDrive:00000000 HAL_PWREx_DisableOverDrive
C:\WINDOWS\TEMP\ccdYqzJ8.s:601    .text.HAL_PWREx_DisableOverDrive:00000070 $d
C:\WINDOWS\TEMP\ccdYqzJ8.s:609    .text.HAL_PWREx_EnterUnderDriveSTOPMode:00000000 $t
C:\WINDOWS\TEMP\ccdYqzJ8.s:614    .text.HAL_PWREx_EnterUnderDriveSTOPMode:00000000 HAL_PWREx_EnterUnderDriveSTOPMode
C:\WINDOWS\TEMP\ccdYqzJ8.s:702    .text.HAL_PWREx_EnterUnderDriveSTOPMode:00000060 $d
                     .debug_frame:00000010 $d

UNDEFINED SYMBOLS
HAL_GetTick
