ARM GAS  C:\WINDOWS\TEMP\cci94aND.s 			page 1


   1              		.syntax unified
   2              		.cpu cortex-m4
   3              		.eabi_attribute 27, 1
   4              		.eabi_attribute 28, 1
   5              		.fpu fpv4-sp-d16
   6              		.eabi_attribute 20, 1
   7              		.eabi_attribute 21, 1
   8              		.eabi_attribute 23, 3
   9              		.eabi_attribute 24, 1
  10              		.eabi_attribute 25, 1
  11              		.eabi_attribute 26, 1
  12              		.eabi_attribute 30, 1
  13              		.eabi_attribute 34, 1
  14              		.eabi_attribute 18, 4
  15              		.thumb
  16              		.syntax unified
  17              		.file	"usbh_pipes.c"
  18              		.text
  19              	.Ltext0:
  20              		.cfi_sections	.debug_frame
  21              		.section	.text.USBH_GetFreePipe,"ax",%progbits
  22              		.align	2
  23              		.thumb
  24              		.thumb_func
  26              	USBH_GetFreePipe:
  27              	.LFB140:
  28              		.file 1 "Middlewares/ST/STM32_USB_Host_Library/Core/Src/usbh_pipes.c"
   1:Middlewares/ST/STM32_USB_Host_Library/Core/Src/usbh_pipes.c **** /**
   2:Middlewares/ST/STM32_USB_Host_Library/Core/Src/usbh_pipes.c ****   ******************************************************************************
   3:Middlewares/ST/STM32_USB_Host_Library/Core/Src/usbh_pipes.c ****   * @file    usbh_pipes.c
   4:Middlewares/ST/STM32_USB_Host_Library/Core/Src/usbh_pipes.c ****   * @author  MCD Application Team
   5:Middlewares/ST/STM32_USB_Host_Library/Core/Src/usbh_pipes.c ****   * @brief   This file implements functions for opening and closing Pipes
   6:Middlewares/ST/STM32_USB_Host_Library/Core/Src/usbh_pipes.c ****   ******************************************************************************
   7:Middlewares/ST/STM32_USB_Host_Library/Core/Src/usbh_pipes.c ****   * @attention
   8:Middlewares/ST/STM32_USB_Host_Library/Core/Src/usbh_pipes.c ****   *
   9:Middlewares/ST/STM32_USB_Host_Library/Core/Src/usbh_pipes.c ****   * <h2><center>&copy; Copyright (c) 2015 STMicroelectronics.
  10:Middlewares/ST/STM32_USB_Host_Library/Core/Src/usbh_pipes.c ****   * All rights reserved.</center></h2>
  11:Middlewares/ST/STM32_USB_Host_Library/Core/Src/usbh_pipes.c ****   *
  12:Middlewares/ST/STM32_USB_Host_Library/Core/Src/usbh_pipes.c ****   * This software component is licensed by ST under Ultimate Liberty license
  13:Middlewares/ST/STM32_USB_Host_Library/Core/Src/usbh_pipes.c ****   * SLA0044, the "License"; You may not use this file except in compliance with
  14:Middlewares/ST/STM32_USB_Host_Library/Core/Src/usbh_pipes.c ****   * the License. You may obtain a copy of the License at:
  15:Middlewares/ST/STM32_USB_Host_Library/Core/Src/usbh_pipes.c ****   *                      http://www.st.com/SLA0044
  16:Middlewares/ST/STM32_USB_Host_Library/Core/Src/usbh_pipes.c ****   *
  17:Middlewares/ST/STM32_USB_Host_Library/Core/Src/usbh_pipes.c ****   ******************************************************************************
  18:Middlewares/ST/STM32_USB_Host_Library/Core/Src/usbh_pipes.c ****   */
  19:Middlewares/ST/STM32_USB_Host_Library/Core/Src/usbh_pipes.c **** 
  20:Middlewares/ST/STM32_USB_Host_Library/Core/Src/usbh_pipes.c **** /* Includes ------------------------------------------------------------------*/
  21:Middlewares/ST/STM32_USB_Host_Library/Core/Src/usbh_pipes.c **** #include "usbh_pipes.h"
  22:Middlewares/ST/STM32_USB_Host_Library/Core/Src/usbh_pipes.c **** 
  23:Middlewares/ST/STM32_USB_Host_Library/Core/Src/usbh_pipes.c **** /** @addtogroup USBH_LIB
  24:Middlewares/ST/STM32_USB_Host_Library/Core/Src/usbh_pipes.c ****   * @{
  25:Middlewares/ST/STM32_USB_Host_Library/Core/Src/usbh_pipes.c ****   */
  26:Middlewares/ST/STM32_USB_Host_Library/Core/Src/usbh_pipes.c **** 
  27:Middlewares/ST/STM32_USB_Host_Library/Core/Src/usbh_pipes.c **** /** @addtogroup USBH_LIB_CORE
  28:Middlewares/ST/STM32_USB_Host_Library/Core/Src/usbh_pipes.c **** * @{
  29:Middlewares/ST/STM32_USB_Host_Library/Core/Src/usbh_pipes.c **** */
  30:Middlewares/ST/STM32_USB_Host_Library/Core/Src/usbh_pipes.c **** 
ARM GAS  C:\WINDOWS\TEMP\cci94aND.s 			page 2


  31:Middlewares/ST/STM32_USB_Host_Library/Core/Src/usbh_pipes.c **** /** @defgroup USBH_PIPES
  32:Middlewares/ST/STM32_USB_Host_Library/Core/Src/usbh_pipes.c ****   * @brief This file includes opening and closing Pipes
  33:Middlewares/ST/STM32_USB_Host_Library/Core/Src/usbh_pipes.c ****   * @{
  34:Middlewares/ST/STM32_USB_Host_Library/Core/Src/usbh_pipes.c ****   */
  35:Middlewares/ST/STM32_USB_Host_Library/Core/Src/usbh_pipes.c **** 
  36:Middlewares/ST/STM32_USB_Host_Library/Core/Src/usbh_pipes.c **** /** @defgroup USBH_PIPES_Private_Defines
  37:Middlewares/ST/STM32_USB_Host_Library/Core/Src/usbh_pipes.c ****   * @{
  38:Middlewares/ST/STM32_USB_Host_Library/Core/Src/usbh_pipes.c ****   */
  39:Middlewares/ST/STM32_USB_Host_Library/Core/Src/usbh_pipes.c **** /**
  40:Middlewares/ST/STM32_USB_Host_Library/Core/Src/usbh_pipes.c ****   * @}
  41:Middlewares/ST/STM32_USB_Host_Library/Core/Src/usbh_pipes.c ****   */
  42:Middlewares/ST/STM32_USB_Host_Library/Core/Src/usbh_pipes.c **** 
  43:Middlewares/ST/STM32_USB_Host_Library/Core/Src/usbh_pipes.c **** /** @defgroup USBH_PIPES_Private_TypesDefinitions
  44:Middlewares/ST/STM32_USB_Host_Library/Core/Src/usbh_pipes.c ****   * @{
  45:Middlewares/ST/STM32_USB_Host_Library/Core/Src/usbh_pipes.c ****   */
  46:Middlewares/ST/STM32_USB_Host_Library/Core/Src/usbh_pipes.c **** /**
  47:Middlewares/ST/STM32_USB_Host_Library/Core/Src/usbh_pipes.c ****   * @}
  48:Middlewares/ST/STM32_USB_Host_Library/Core/Src/usbh_pipes.c ****   */
  49:Middlewares/ST/STM32_USB_Host_Library/Core/Src/usbh_pipes.c **** 
  50:Middlewares/ST/STM32_USB_Host_Library/Core/Src/usbh_pipes.c **** 
  51:Middlewares/ST/STM32_USB_Host_Library/Core/Src/usbh_pipes.c **** /** @defgroup USBH_PIPES_Private_Macros
  52:Middlewares/ST/STM32_USB_Host_Library/Core/Src/usbh_pipes.c ****   * @{
  53:Middlewares/ST/STM32_USB_Host_Library/Core/Src/usbh_pipes.c ****   */
  54:Middlewares/ST/STM32_USB_Host_Library/Core/Src/usbh_pipes.c **** /**
  55:Middlewares/ST/STM32_USB_Host_Library/Core/Src/usbh_pipes.c ****   * @}
  56:Middlewares/ST/STM32_USB_Host_Library/Core/Src/usbh_pipes.c ****   */
  57:Middlewares/ST/STM32_USB_Host_Library/Core/Src/usbh_pipes.c **** 
  58:Middlewares/ST/STM32_USB_Host_Library/Core/Src/usbh_pipes.c **** 
  59:Middlewares/ST/STM32_USB_Host_Library/Core/Src/usbh_pipes.c **** /** @defgroup USBH_PIPES_Private_Variables
  60:Middlewares/ST/STM32_USB_Host_Library/Core/Src/usbh_pipes.c ****   * @{
  61:Middlewares/ST/STM32_USB_Host_Library/Core/Src/usbh_pipes.c ****   */
  62:Middlewares/ST/STM32_USB_Host_Library/Core/Src/usbh_pipes.c **** 
  63:Middlewares/ST/STM32_USB_Host_Library/Core/Src/usbh_pipes.c **** /**
  64:Middlewares/ST/STM32_USB_Host_Library/Core/Src/usbh_pipes.c ****   * @}
  65:Middlewares/ST/STM32_USB_Host_Library/Core/Src/usbh_pipes.c ****   */
  66:Middlewares/ST/STM32_USB_Host_Library/Core/Src/usbh_pipes.c **** 
  67:Middlewares/ST/STM32_USB_Host_Library/Core/Src/usbh_pipes.c **** 
  68:Middlewares/ST/STM32_USB_Host_Library/Core/Src/usbh_pipes.c **** /** @defgroup USBH_PIPES_Private_Functions
  69:Middlewares/ST/STM32_USB_Host_Library/Core/Src/usbh_pipes.c ****   * @{
  70:Middlewares/ST/STM32_USB_Host_Library/Core/Src/usbh_pipes.c ****   */
  71:Middlewares/ST/STM32_USB_Host_Library/Core/Src/usbh_pipes.c **** static uint16_t USBH_GetFreePipe (USBH_HandleTypeDef *phost);
  72:Middlewares/ST/STM32_USB_Host_Library/Core/Src/usbh_pipes.c **** 
  73:Middlewares/ST/STM32_USB_Host_Library/Core/Src/usbh_pipes.c **** 
  74:Middlewares/ST/STM32_USB_Host_Library/Core/Src/usbh_pipes.c **** /**
  75:Middlewares/ST/STM32_USB_Host_Library/Core/Src/usbh_pipes.c ****   * @brief  USBH_Open_Pipe
  76:Middlewares/ST/STM32_USB_Host_Library/Core/Src/usbh_pipes.c ****   *         Open a  pipe
  77:Middlewares/ST/STM32_USB_Host_Library/Core/Src/usbh_pipes.c ****   * @param  phost: Host Handle
  78:Middlewares/ST/STM32_USB_Host_Library/Core/Src/usbh_pipes.c ****   * @param  pipe_num: Pipe Number
  79:Middlewares/ST/STM32_USB_Host_Library/Core/Src/usbh_pipes.c ****   * @param  dev_address: USB Device address allocated to attached device
  80:Middlewares/ST/STM32_USB_Host_Library/Core/Src/usbh_pipes.c ****   * @param  speed : USB device speed (Full/Low)
  81:Middlewares/ST/STM32_USB_Host_Library/Core/Src/usbh_pipes.c ****   * @param  ep_type: end point type (Bulk/int/ctl)
  82:Middlewares/ST/STM32_USB_Host_Library/Core/Src/usbh_pipes.c ****   * @param  mps: max pkt size
  83:Middlewares/ST/STM32_USB_Host_Library/Core/Src/usbh_pipes.c ****   * @retval USBH Status
  84:Middlewares/ST/STM32_USB_Host_Library/Core/Src/usbh_pipes.c ****   */
  85:Middlewares/ST/STM32_USB_Host_Library/Core/Src/usbh_pipes.c **** USBH_StatusTypeDef USBH_OpenPipe  (USBH_HandleTypeDef *phost,
  86:Middlewares/ST/STM32_USB_Host_Library/Core/Src/usbh_pipes.c ****                             uint8_t pipe_num,
  87:Middlewares/ST/STM32_USB_Host_Library/Core/Src/usbh_pipes.c ****                             uint8_t epnum,
ARM GAS  C:\WINDOWS\TEMP\cci94aND.s 			page 3


  88:Middlewares/ST/STM32_USB_Host_Library/Core/Src/usbh_pipes.c ****                             uint8_t dev_address,
  89:Middlewares/ST/STM32_USB_Host_Library/Core/Src/usbh_pipes.c ****                             uint8_t speed,
  90:Middlewares/ST/STM32_USB_Host_Library/Core/Src/usbh_pipes.c ****                             uint8_t ep_type,
  91:Middlewares/ST/STM32_USB_Host_Library/Core/Src/usbh_pipes.c ****                             uint16_t mps)
  92:Middlewares/ST/STM32_USB_Host_Library/Core/Src/usbh_pipes.c **** {
  93:Middlewares/ST/STM32_USB_Host_Library/Core/Src/usbh_pipes.c **** 
  94:Middlewares/ST/STM32_USB_Host_Library/Core/Src/usbh_pipes.c ****   USBH_LL_OpenPipe(phost,
  95:Middlewares/ST/STM32_USB_Host_Library/Core/Src/usbh_pipes.c ****                         pipe_num,
  96:Middlewares/ST/STM32_USB_Host_Library/Core/Src/usbh_pipes.c ****                         epnum,
  97:Middlewares/ST/STM32_USB_Host_Library/Core/Src/usbh_pipes.c ****                         dev_address,
  98:Middlewares/ST/STM32_USB_Host_Library/Core/Src/usbh_pipes.c ****                         speed,
  99:Middlewares/ST/STM32_USB_Host_Library/Core/Src/usbh_pipes.c ****                         ep_type,
 100:Middlewares/ST/STM32_USB_Host_Library/Core/Src/usbh_pipes.c ****                         mps);
 101:Middlewares/ST/STM32_USB_Host_Library/Core/Src/usbh_pipes.c **** 
 102:Middlewares/ST/STM32_USB_Host_Library/Core/Src/usbh_pipes.c ****   return USBH_OK;
 103:Middlewares/ST/STM32_USB_Host_Library/Core/Src/usbh_pipes.c **** 
 104:Middlewares/ST/STM32_USB_Host_Library/Core/Src/usbh_pipes.c **** }
 105:Middlewares/ST/STM32_USB_Host_Library/Core/Src/usbh_pipes.c **** 
 106:Middlewares/ST/STM32_USB_Host_Library/Core/Src/usbh_pipes.c **** /**
 107:Middlewares/ST/STM32_USB_Host_Library/Core/Src/usbh_pipes.c ****   * @brief  USBH_ClosePipe
 108:Middlewares/ST/STM32_USB_Host_Library/Core/Src/usbh_pipes.c ****   *         Close a  pipe
 109:Middlewares/ST/STM32_USB_Host_Library/Core/Src/usbh_pipes.c ****   * @param  phost: Host Handle
 110:Middlewares/ST/STM32_USB_Host_Library/Core/Src/usbh_pipes.c ****   * @param  pipe_num: Pipe Number
 111:Middlewares/ST/STM32_USB_Host_Library/Core/Src/usbh_pipes.c ****   * @retval USBH Status
 112:Middlewares/ST/STM32_USB_Host_Library/Core/Src/usbh_pipes.c ****   */
 113:Middlewares/ST/STM32_USB_Host_Library/Core/Src/usbh_pipes.c **** USBH_StatusTypeDef USBH_ClosePipe  (USBH_HandleTypeDef *phost,
 114:Middlewares/ST/STM32_USB_Host_Library/Core/Src/usbh_pipes.c ****                             uint8_t pipe_num)
 115:Middlewares/ST/STM32_USB_Host_Library/Core/Src/usbh_pipes.c **** {
 116:Middlewares/ST/STM32_USB_Host_Library/Core/Src/usbh_pipes.c **** 
 117:Middlewares/ST/STM32_USB_Host_Library/Core/Src/usbh_pipes.c ****   USBH_LL_ClosePipe(phost, pipe_num);
 118:Middlewares/ST/STM32_USB_Host_Library/Core/Src/usbh_pipes.c **** 
 119:Middlewares/ST/STM32_USB_Host_Library/Core/Src/usbh_pipes.c ****   return USBH_OK;
 120:Middlewares/ST/STM32_USB_Host_Library/Core/Src/usbh_pipes.c **** 
 121:Middlewares/ST/STM32_USB_Host_Library/Core/Src/usbh_pipes.c **** }
 122:Middlewares/ST/STM32_USB_Host_Library/Core/Src/usbh_pipes.c **** 
 123:Middlewares/ST/STM32_USB_Host_Library/Core/Src/usbh_pipes.c **** /**
 124:Middlewares/ST/STM32_USB_Host_Library/Core/Src/usbh_pipes.c ****   * @brief  USBH_Alloc_Pipe
 125:Middlewares/ST/STM32_USB_Host_Library/Core/Src/usbh_pipes.c ****   *         Allocate a new Pipe
 126:Middlewares/ST/STM32_USB_Host_Library/Core/Src/usbh_pipes.c ****   * @param  phost: Host Handle
 127:Middlewares/ST/STM32_USB_Host_Library/Core/Src/usbh_pipes.c ****   * @param  ep_addr: End point for which the Pipe to be allocated
 128:Middlewares/ST/STM32_USB_Host_Library/Core/Src/usbh_pipes.c ****   * @retval Pipe number
 129:Middlewares/ST/STM32_USB_Host_Library/Core/Src/usbh_pipes.c ****   */
 130:Middlewares/ST/STM32_USB_Host_Library/Core/Src/usbh_pipes.c **** uint8_t USBH_AllocPipe  (USBH_HandleTypeDef *phost, uint8_t ep_addr)
 131:Middlewares/ST/STM32_USB_Host_Library/Core/Src/usbh_pipes.c **** {
 132:Middlewares/ST/STM32_USB_Host_Library/Core/Src/usbh_pipes.c ****   uint16_t pipe;
 133:Middlewares/ST/STM32_USB_Host_Library/Core/Src/usbh_pipes.c **** 
 134:Middlewares/ST/STM32_USB_Host_Library/Core/Src/usbh_pipes.c ****   pipe =  USBH_GetFreePipe(phost);
 135:Middlewares/ST/STM32_USB_Host_Library/Core/Src/usbh_pipes.c **** 
 136:Middlewares/ST/STM32_USB_Host_Library/Core/Src/usbh_pipes.c ****   if (pipe != 0xFFFFU)
 137:Middlewares/ST/STM32_USB_Host_Library/Core/Src/usbh_pipes.c ****   {
 138:Middlewares/ST/STM32_USB_Host_Library/Core/Src/usbh_pipes.c **** 	phost->Pipes[pipe] = 0x8000U | ep_addr;
 139:Middlewares/ST/STM32_USB_Host_Library/Core/Src/usbh_pipes.c ****   }
 140:Middlewares/ST/STM32_USB_Host_Library/Core/Src/usbh_pipes.c ****   return (uint8_t)pipe;
 141:Middlewares/ST/STM32_USB_Host_Library/Core/Src/usbh_pipes.c **** }
 142:Middlewares/ST/STM32_USB_Host_Library/Core/Src/usbh_pipes.c **** 
 143:Middlewares/ST/STM32_USB_Host_Library/Core/Src/usbh_pipes.c **** /**
 144:Middlewares/ST/STM32_USB_Host_Library/Core/Src/usbh_pipes.c ****   * @brief  USBH_Free_Pipe
ARM GAS  C:\WINDOWS\TEMP\cci94aND.s 			page 4


 145:Middlewares/ST/STM32_USB_Host_Library/Core/Src/usbh_pipes.c ****   *         Free the USB Pipe
 146:Middlewares/ST/STM32_USB_Host_Library/Core/Src/usbh_pipes.c ****   * @param  phost: Host Handle
 147:Middlewares/ST/STM32_USB_Host_Library/Core/Src/usbh_pipes.c ****   * @param  idx: Pipe number to be freed
 148:Middlewares/ST/STM32_USB_Host_Library/Core/Src/usbh_pipes.c ****   * @retval USBH Status
 149:Middlewares/ST/STM32_USB_Host_Library/Core/Src/usbh_pipes.c ****   */
 150:Middlewares/ST/STM32_USB_Host_Library/Core/Src/usbh_pipes.c **** USBH_StatusTypeDef USBH_FreePipe  (USBH_HandleTypeDef *phost, uint8_t idx)
 151:Middlewares/ST/STM32_USB_Host_Library/Core/Src/usbh_pipes.c **** {
 152:Middlewares/ST/STM32_USB_Host_Library/Core/Src/usbh_pipes.c ****    if(idx < 11U)
 153:Middlewares/ST/STM32_USB_Host_Library/Core/Src/usbh_pipes.c ****    {
 154:Middlewares/ST/STM32_USB_Host_Library/Core/Src/usbh_pipes.c **** 	 phost->Pipes[idx] &= 0x7FFFU;
 155:Middlewares/ST/STM32_USB_Host_Library/Core/Src/usbh_pipes.c ****    }
 156:Middlewares/ST/STM32_USB_Host_Library/Core/Src/usbh_pipes.c ****    return USBH_OK;
 157:Middlewares/ST/STM32_USB_Host_Library/Core/Src/usbh_pipes.c **** }
 158:Middlewares/ST/STM32_USB_Host_Library/Core/Src/usbh_pipes.c **** 
 159:Middlewares/ST/STM32_USB_Host_Library/Core/Src/usbh_pipes.c **** /**
 160:Middlewares/ST/STM32_USB_Host_Library/Core/Src/usbh_pipes.c ****   * @brief  USBH_GetFreePipe
 161:Middlewares/ST/STM32_USB_Host_Library/Core/Src/usbh_pipes.c ****   * @param  phost: Host Handle
 162:Middlewares/ST/STM32_USB_Host_Library/Core/Src/usbh_pipes.c ****   *         Get a free Pipe number for allocation to a device endpoint
 163:Middlewares/ST/STM32_USB_Host_Library/Core/Src/usbh_pipes.c ****   * @retval idx: Free Pipe number
 164:Middlewares/ST/STM32_USB_Host_Library/Core/Src/usbh_pipes.c ****   */
 165:Middlewares/ST/STM32_USB_Host_Library/Core/Src/usbh_pipes.c **** static uint16_t USBH_GetFreePipe (USBH_HandleTypeDef *phost)
 166:Middlewares/ST/STM32_USB_Host_Library/Core/Src/usbh_pipes.c **** {
  29              		.loc 1 166 0
  30              		.cfi_startproc
  31              		@ args = 0, pretend = 0, frame = 0
  32              		@ frame_needed = 0, uses_anonymous_args = 0
  33              		@ link register save eliminated.
  34              	.LVL0:
 167:Middlewares/ST/STM32_USB_Host_Library/Core/Src/usbh_pipes.c ****   uint8_t idx = 0U;
 168:Middlewares/ST/STM32_USB_Host_Library/Core/Src/usbh_pipes.c **** 
 169:Middlewares/ST/STM32_USB_Host_Library/Core/Src/usbh_pipes.c ****   for (idx = 0U ; idx < 11U ; idx++)
  35              		.loc 1 169 0
  36 0000 0023     		movs	r3, #0
  37 0002 0AE0     		b	.L2
  38              	.LVL1:
  39              	.L5:
 170:Middlewares/ST/STM32_USB_Host_Library/Core/Src/usbh_pipes.c ****   {
 171:Middlewares/ST/STM32_USB_Host_Library/Core/Src/usbh_pipes.c **** 	if ((phost->Pipes[idx] & 0x8000U) == 0U)
  40              		.loc 1 171 0
  41 0004 03F1E002 		add	r2, r3, #224
  42 0008 50F82220 		ldr	r2, [r0, r2, lsl #2]
  43 000c 12F4004F 		tst	r2, #32768
  44 0010 01D1     		bne	.L3
 172:Middlewares/ST/STM32_USB_Host_Library/Core/Src/usbh_pipes.c **** 	{
 173:Middlewares/ST/STM32_USB_Host_Library/Core/Src/usbh_pipes.c **** 	   return (uint16_t)idx;
  45              		.loc 1 173 0
  46 0012 98B2     		uxth	r0, r3
  47              	.LVL2:
  48 0014 7047     		bx	lr
  49              	.LVL3:
  50              	.L3:
 169:Middlewares/ST/STM32_USB_Host_Library/Core/Src/usbh_pipes.c ****   {
  51              		.loc 1 169 0 discriminator 2
  52 0016 0133     		adds	r3, r3, #1
  53              	.LVL4:
  54 0018 DBB2     		uxtb	r3, r3
  55              	.LVL5:
ARM GAS  C:\WINDOWS\TEMP\cci94aND.s 			page 5


  56              	.L2:
 169:Middlewares/ST/STM32_USB_Host_Library/Core/Src/usbh_pipes.c ****   {
  57              		.loc 1 169 0 is_stmt 0 discriminator 1
  58 001a 0A2B     		cmp	r3, #10
  59 001c F2D9     		bls	.L5
 174:Middlewares/ST/STM32_USB_Host_Library/Core/Src/usbh_pipes.c **** 	}
 175:Middlewares/ST/STM32_USB_Host_Library/Core/Src/usbh_pipes.c ****   }
 176:Middlewares/ST/STM32_USB_Host_Library/Core/Src/usbh_pipes.c ****   return 0xFFFFU;
  60              		.loc 1 176 0 is_stmt 1
  61 001e 4FF6FF70 		movw	r0, #65535
  62              	.LVL6:
 177:Middlewares/ST/STM32_USB_Host_Library/Core/Src/usbh_pipes.c **** }
  63              		.loc 1 177 0
  64 0022 7047     		bx	lr
  65              		.cfi_endproc
  66              	.LFE140:
  68              		.section	.text.USBH_OpenPipe,"ax",%progbits
  69              		.align	2
  70              		.global	USBH_OpenPipe
  71              		.thumb
  72              		.thumb_func
  74              	USBH_OpenPipe:
  75              	.LFB136:
  92:Middlewares/ST/STM32_USB_Host_Library/Core/Src/usbh_pipes.c **** 
  76              		.loc 1 92 0
  77              		.cfi_startproc
  78              		@ args = 12, pretend = 0, frame = 0
  79              		@ frame_needed = 0, uses_anonymous_args = 0
  80              	.LVL7:
  81 0000 10B5     		push	{r4, lr}
  82              	.LCFI0:
  83              		.cfi_def_cfa_offset 8
  84              		.cfi_offset 4, -8
  85              		.cfi_offset 14, -4
  86 0002 84B0     		sub	sp, sp, #16
  87              	.LCFI1:
  88              		.cfi_def_cfa_offset 24
  94:Middlewares/ST/STM32_USB_Host_Library/Core/Src/usbh_pipes.c ****                         pipe_num,
  89              		.loc 1 94 0
  90 0004 BDF82040 		ldrh	r4, [sp, #32]
  91 0008 0294     		str	r4, [sp, #8]
  92 000a 9DF81C40 		ldrb	r4, [sp, #28]	@ zero_extendqisi2
  93 000e 0194     		str	r4, [sp, #4]
  94 0010 9DF81840 		ldrb	r4, [sp, #24]	@ zero_extendqisi2
  95 0014 0094     		str	r4, [sp]
  96 0016 FFF7FEFF 		bl	USBH_LL_OpenPipe
  97              	.LVL8:
 104:Middlewares/ST/STM32_USB_Host_Library/Core/Src/usbh_pipes.c **** 
  98              		.loc 1 104 0
  99 001a 0020     		movs	r0, #0
 100 001c 04B0     		add	sp, sp, #16
 101              	.LCFI2:
 102              		.cfi_def_cfa_offset 8
 103              		@ sp needed
 104 001e 10BD     		pop	{r4, pc}
 105              		.cfi_endproc
 106              	.LFE136:
ARM GAS  C:\WINDOWS\TEMP\cci94aND.s 			page 6


 108              		.section	.text.USBH_ClosePipe,"ax",%progbits
 109              		.align	2
 110              		.global	USBH_ClosePipe
 111              		.thumb
 112              		.thumb_func
 114              	USBH_ClosePipe:
 115              	.LFB137:
 115:Middlewares/ST/STM32_USB_Host_Library/Core/Src/usbh_pipes.c **** 
 116              		.loc 1 115 0
 117              		.cfi_startproc
 118              		@ args = 0, pretend = 0, frame = 0
 119              		@ frame_needed = 0, uses_anonymous_args = 0
 120              	.LVL9:
 121 0000 08B5     		push	{r3, lr}
 122              	.LCFI3:
 123              		.cfi_def_cfa_offset 8
 124              		.cfi_offset 3, -8
 125              		.cfi_offset 14, -4
 117:Middlewares/ST/STM32_USB_Host_Library/Core/Src/usbh_pipes.c **** 
 126              		.loc 1 117 0
 127 0002 FFF7FEFF 		bl	USBH_LL_ClosePipe
 128              	.LVL10:
 121:Middlewares/ST/STM32_USB_Host_Library/Core/Src/usbh_pipes.c **** 
 129              		.loc 1 121 0
 130 0006 0020     		movs	r0, #0
 131 0008 08BD     		pop	{r3, pc}
 132              		.cfi_endproc
 133              	.LFE137:
 135 000a 00BF     		.section	.text.USBH_AllocPipe,"ax",%progbits
 136              		.align	2
 137              		.global	USBH_AllocPipe
 138              		.thumb
 139              		.thumb_func
 141              	USBH_AllocPipe:
 142              	.LFB138:
 131:Middlewares/ST/STM32_USB_Host_Library/Core/Src/usbh_pipes.c ****   uint16_t pipe;
 143              		.loc 1 131 0
 144              		.cfi_startproc
 145              		@ args = 0, pretend = 0, frame = 0
 146              		@ frame_needed = 0, uses_anonymous_args = 0
 147              	.LVL11:
 148 0000 38B5     		push	{r3, r4, r5, lr}
 149              	.LCFI4:
 150              		.cfi_def_cfa_offset 16
 151              		.cfi_offset 3, -16
 152              		.cfi_offset 4, -12
 153              		.cfi_offset 5, -8
 154              		.cfi_offset 14, -4
 155 0002 0546     		mov	r5, r0
 156 0004 0C46     		mov	r4, r1
 134:Middlewares/ST/STM32_USB_Host_Library/Core/Src/usbh_pipes.c **** 
 157              		.loc 1 134 0
 158 0006 FFF7FEFF 		bl	USBH_GetFreePipe
 159              	.LVL12:
 136:Middlewares/ST/STM32_USB_Host_Library/Core/Src/usbh_pipes.c ****   {
 160              		.loc 1 136 0
 161 000a 4FF6FF73 		movw	r3, #65535
ARM GAS  C:\WINDOWS\TEMP\cci94aND.s 			page 7


 162 000e 9842     		cmp	r0, r3
 163 0010 05D0     		beq	.L11
 138:Middlewares/ST/STM32_USB_Host_Library/Core/Src/usbh_pipes.c ****   }
 164              		.loc 1 138 0
 165 0012 44F40044 		orr	r4, r4, #32768
 166 0016 00F1E003 		add	r3, r0, #224
 167 001a 45F82340 		str	r4, [r5, r3, lsl #2]
 168              	.L11:
 141:Middlewares/ST/STM32_USB_Host_Library/Core/Src/usbh_pipes.c **** 
 169              		.loc 1 141 0
 170 001e C0B2     		uxtb	r0, r0
 171              	.LVL13:
 172 0020 38BD     		pop	{r3, r4, r5, pc}
 173              		.cfi_endproc
 174              	.LFE138:
 176 0022 00BF     		.section	.text.USBH_FreePipe,"ax",%progbits
 177              		.align	2
 178              		.global	USBH_FreePipe
 179              		.thumb
 180              		.thumb_func
 182              	USBH_FreePipe:
 183              	.LFB139:
 151:Middlewares/ST/STM32_USB_Host_Library/Core/Src/usbh_pipes.c ****    if(idx < 11U)
 184              		.loc 1 151 0
 185              		.cfi_startproc
 186              		@ args = 0, pretend = 0, frame = 0
 187              		@ frame_needed = 0, uses_anonymous_args = 0
 188              		@ link register save eliminated.
 189              	.LVL14:
 152:Middlewares/ST/STM32_USB_Host_Library/Core/Src/usbh_pipes.c ****    {
 190              		.loc 1 152 0
 191 0000 0A29     		cmp	r1, #10
 192 0002 06D8     		bhi	.L14
 154:Middlewares/ST/STM32_USB_Host_Library/Core/Src/usbh_pipes.c ****    }
 193              		.loc 1 154 0
 194 0004 E031     		adds	r1, r1, #224
 195              	.LVL15:
 196 0006 50F82130 		ldr	r3, [r0, r1, lsl #2]
 197 000a C3F30E03 		ubfx	r3, r3, #0, #15
 198 000e 40F82130 		str	r3, [r0, r1, lsl #2]
 199              	.L14:
 157:Middlewares/ST/STM32_USB_Host_Library/Core/Src/usbh_pipes.c **** 
 200              		.loc 1 157 0
 201 0012 0020     		movs	r0, #0
 202              	.LVL16:
 203 0014 7047     		bx	lr
 204              		.cfi_endproc
 205              	.LFE139:
 207 0016 00BF     		.text
 208              	.Letext0:
 209              		.file 2 "d:\\tool_chain\\gcc-arm-none-eabi\\5.4 2016q3\\arm-none-eabi\\include\\machine\\_default_
 210              		.file 3 "d:\\tool_chain\\gcc-arm-none-eabi\\5.4 2016q3\\arm-none-eabi\\include\\sys\\_stdint.h"
 211              		.file 4 "Middlewares/Third_Party/FreeRTOS/Source/include/task.h"
 212              		.file 5 "Middlewares/Third_Party/FreeRTOS/Source/include/queue.h"
 213              		.file 6 "Middlewares/Third_Party/FreeRTOS/Source/CMSIS_RTOS/cmsis_os.h"
 214              		.file 7 "Middlewares/ST/STM32_USB_Host_Library/Core/Inc/usbh_def.h"
 215              		.file 8 "Middlewares/ST/STM32_USB_Host_Library/Core/Inc/usbh_core.h"
ARM GAS  C:\WINDOWS\TEMP\cci94aND.s 			page 8


 216              		.file 9 "Drivers/CMSIS/Include/core_cm4.h"
ARM GAS  C:\WINDOWS\TEMP\cci94aND.s 			page 9


DEFINED SYMBOLS
                            *ABS*:00000000 usbh_pipes.c
C:\WINDOWS\TEMP\cci94aND.s:22     .text.USBH_GetFreePipe:00000000 $t
C:\WINDOWS\TEMP\cci94aND.s:26     .text.USBH_GetFreePipe:00000000 USBH_GetFreePipe
C:\WINDOWS\TEMP\cci94aND.s:69     .text.USBH_OpenPipe:00000000 $t
C:\WINDOWS\TEMP\cci94aND.s:74     .text.USBH_OpenPipe:00000000 USBH_OpenPipe
C:\WINDOWS\TEMP\cci94aND.s:109    .text.USBH_ClosePipe:00000000 $t
C:\WINDOWS\TEMP\cci94aND.s:114    .text.USBH_ClosePipe:00000000 USBH_ClosePipe
C:\WINDOWS\TEMP\cci94aND.s:136    .text.USBH_AllocPipe:00000000 $t
C:\WINDOWS\TEMP\cci94aND.s:141    .text.USBH_AllocPipe:00000000 USBH_AllocPipe
C:\WINDOWS\TEMP\cci94aND.s:177    .text.USBH_FreePipe:00000000 $t
C:\WINDOWS\TEMP\cci94aND.s:182    .text.USBH_FreePipe:00000000 USBH_FreePipe
                     .debug_frame:00000010 $d

UNDEFINED SYMBOLS
USBH_LL_OpenPipe
USBH_LL_ClosePipe
