ARM GAS  C:\WINDOWS\TEMP\cc4Qcy9l.s 			page 1


   1              		.syntax unified
   2              		.cpu cortex-m4
   3              		.eabi_attribute 27, 1
   4              		.eabi_attribute 28, 1
   5              		.fpu fpv4-sp-d16
   6              		.eabi_attribute 20, 1
   7              		.eabi_attribute 21, 1
   8              		.eabi_attribute 23, 3
   9              		.eabi_attribute 24, 1
  10              		.eabi_attribute 25, 1
  11              		.eabi_attribute 26, 1
  12              		.eabi_attribute 30, 1
  13              		.eabi_attribute 34, 1
  14              		.eabi_attribute 18, 4
  15              		.thumb
  16              		.syntax unified
  17              		.file	"usbh_platform.c"
  18              		.text
  19              	.Ltext0:
  20              		.cfi_sections	.debug_frame
  21              		.section	.text.MX_DriverVbusHS,"ax",%progbits
  22              		.align	2
  23              		.global	MX_DriverVbusHS
  24              		.thumb
  25              		.thumb_func
  27              	MX_DriverVbusHS:
  28              	.LFB130:
  29              		.file 1 "Src/usbh_platform.c"
   1:Src/usbh_platform.c **** /* USER CODE BEGIN Header */
   2:Src/usbh_platform.c **** /**
   3:Src/usbh_platform.c ****   ******************************************************************************
   4:Src/usbh_platform.c ****   * @file           : usbh_platform.c
   5:Src/usbh_platform.c **** 
   6:Src/usbh_platform.c ****   * @brief          : This file implements the USB platform
   7:Src/usbh_platform.c ****   ******************************************************************************
   8:Src/usbh_platform.c ****   * @attention
   9:Src/usbh_platform.c ****   *
  10:Src/usbh_platform.c ****   * <h2><center>&copy; Copyright (c) 2020 STMicroelectronics.
  11:Src/usbh_platform.c ****   * All rights reserved.</center></h2>
  12:Src/usbh_platform.c ****   *
  13:Src/usbh_platform.c ****   * This software component is licensed by ST under Ultimate Liberty license
  14:Src/usbh_platform.c ****   * SLA0044, the "License"; You may not use this file except in compliance with
  15:Src/usbh_platform.c ****   * the License. You may obtain a copy of the License at:
  16:Src/usbh_platform.c ****   *                             www.st.com/SLA0044
  17:Src/usbh_platform.c ****   *
  18:Src/usbh_platform.c ****   ******************************************************************************
  19:Src/usbh_platform.c ****   */
  20:Src/usbh_platform.c **** /* USER CODE END Header */
  21:Src/usbh_platform.c **** 
  22:Src/usbh_platform.c **** /* Includes ------------------------------------------------------------------*/
  23:Src/usbh_platform.c **** #include "usbh_platform.h"
  24:Src/usbh_platform.c **** 
  25:Src/usbh_platform.c **** /* USER CODE BEGIN INCLUDE */
  26:Src/usbh_platform.c **** 
  27:Src/usbh_platform.c **** /* USER CODE END INCLUDE */
  28:Src/usbh_platform.c **** 
  29:Src/usbh_platform.c **** /**
ARM GAS  C:\WINDOWS\TEMP\cc4Qcy9l.s 			page 2


  30:Src/usbh_platform.c ****   * @brief  Drive VBUS.
  31:Src/usbh_platform.c ****   * @param  state : VBUS state
  32:Src/usbh_platform.c ****   *          This parameter can be one of the these values:
  33:Src/usbh_platform.c ****   *          - 0 : VBUS Active
  34:Src/usbh_platform.c ****   *          - 1 : VBUS Inactive
  35:Src/usbh_platform.c ****   */
  36:Src/usbh_platform.c **** void MX_DriverVbusHS(uint8_t state)
  37:Src/usbh_platform.c **** { 
  30              		.loc 1 37 0
  31              		.cfi_startproc
  32              		@ args = 0, pretend = 0, frame = 0
  33              		@ frame_needed = 0, uses_anonymous_args = 0
  34              	.LVL0:
  35 0000 08B5     		push	{r3, lr}
  36              	.LCFI0:
  37              		.cfi_def_cfa_offset 8
  38              		.cfi_offset 3, -8
  39              		.cfi_offset 14, -4
  40              	.LVL1:
  38:Src/usbh_platform.c ****   uint8_t data = state; 
  39:Src/usbh_platform.c ****   /* USER CODE BEGIN PREPARE_GPIO_DATA_VBUS_HS */
  40:Src/usbh_platform.c ****   if(state == 0)
  41              		.loc 1 40 0
  42 0002 08B9     		cbnz	r0, .L3
  41:Src/usbh_platform.c ****   {
  42:Src/usbh_platform.c ****     /* Drive high Charge pump */ 	     
  43:Src/usbh_platform.c ****     data = GPIO_PIN_SET;
  43              		.loc 1 43 0
  44 0004 0122     		movs	r2, #1
  45 0006 00E0     		b	.L2
  46              	.L3:
  44:Src/usbh_platform.c ****   }
  45:Src/usbh_platform.c ****   else
  46:Src/usbh_platform.c ****   {
  47:Src/usbh_platform.c ****     /* Drive low Charge pump */
  48:Src/usbh_platform.c ****     data = GPIO_PIN_RESET;
  47              		.loc 1 48 0
  48 0008 0022     		movs	r2, #0
  49              	.L2:
  50              	.LVL2:
  49:Src/usbh_platform.c ****   }
  50:Src/usbh_platform.c ****   /* USER CODE END PREPARE_GPIO_DATA_VBUS_HS */
  51:Src/usbh_platform.c ****   HAL_GPIO_WritePin(GPIOC,GPIO_PIN_4,(GPIO_PinState)data);
  51              		.loc 1 51 0
  52 000a 1021     		movs	r1, #16
  53 000c 0148     		ldr	r0, .L5
  54              	.LVL3:
  55 000e FFF7FEFF 		bl	HAL_GPIO_WritePin
  56              	.LVL4:
  57 0012 08BD     		pop	{r3, pc}
  58              	.L6:
  59              		.align	2
  60              	.L5:
  61 0014 00080240 		.word	1073874944
  62              		.cfi_endproc
  63              	.LFE130:
  65              		.text
ARM GAS  C:\WINDOWS\TEMP\cc4Qcy9l.s 			page 3


  66              	.Letext0:
  67              		.file 2 "d:\\tool_chain\\gcc-arm-none-eabi\\5.4 2016q3\\arm-none-eabi\\include\\machine\\_default_
  68              		.file 3 "d:\\tool_chain\\gcc-arm-none-eabi\\5.4 2016q3\\arm-none-eabi\\include\\sys\\_stdint.h"
  69              		.file 4 "Drivers/CMSIS/Device/ST/STM32F4xx/Include/stm32f429xx.h"
  70              		.file 5 "Drivers/STM32F4xx_HAL_Driver/Inc/stm32f4xx_hal_gpio.h"
  71              		.file 6 "Drivers/CMSIS/Include/core_cm4.h"
ARM GAS  C:\WINDOWS\TEMP\cc4Qcy9l.s 			page 4


DEFINED SYMBOLS
                            *ABS*:00000000 usbh_platform.c
C:\WINDOWS\TEMP\cc4Qcy9l.s:22     .text.MX_DriverVbusHS:00000000 $t
C:\WINDOWS\TEMP\cc4Qcy9l.s:27     .text.MX_DriverVbusHS:00000000 MX_DriverVbusHS
C:\WINDOWS\TEMP\cc4Qcy9l.s:61     .text.MX_DriverVbusHS:00000014 $d
                     .debug_frame:00000010 $d

UNDEFINED SYMBOLS
HAL_GPIO_WritePin
